


ARM Macro Assembler    Page 1 


    1 00000000         ;/*!
    2 00000000         ;    \file    startup_gd32f50x.s
    3 00000000         ;    \brief   start up file
    4 00000000         ;
    5 00000000         ;    \version 2025-11-10, V1.0.1, firmware for GD32F50x
    6 00000000         ;*/
    7 00000000         ;
    8 00000000         ;/*
    9 00000000         ;    Copyright (c) 2025, GigaDevice Semiconductor Inc.
   10 00000000         ;
   11 00000000         ;    Redistribution and use in source and binary forms, 
                       with or without modification, 
   12 00000000         ;are permitted provided that the following conditions ar
                       e met:
   13 00000000         ;
   14 00000000         ;    1. Redistributions of source code must retain the a
                       bove copyright notice, this 
   15 00000000         ;       list of conditions and the following disclaimer.
                       
   16 00000000         ;    2. Redistributions in binary form must reproduce th
                       e above copyright notice, 
   17 00000000         ;       this list of conditions and the following discla
                       imer in the documentation 
   18 00000000         ;       and/or other materials provided with the distrib
                       ution.
   19 00000000         ;    3. Neither the name of the copyright holder nor the
                        names of its contributors 
   20 00000000         ;       may be used to endorse or promote products deriv
                       ed from this software without 
   21 00000000         ;       specific prior written permission.
   22 00000000         ;
   23 00000000         ;    THIS SOFTWARE IS PROVIDED BY THE COPYRIGHT HOLDERS 
                       AND CONTRIBUTORS "AS IS" 
   24 00000000         ;AND ANY EXPRESS OR IMPLIED WARRANTIES, INCLUDING, BUT N
                       OT LIMITED TO, THE IMPLIED 
   25 00000000         ;WARRANTIES OF MERCHANTABILITY AND FITNESS FOR A PARTICU
                       LAR PURPOSE ARE DISCLAIMED. 
   26 00000000         ;IN NO EVENT SHALL THE COPYRIGHT HOLDER OR CONTRIBUTORS 
                       BE LIABLE FOR ANY DIRECT, 
   27 00000000         ;INDIRECT, INCIDENTAL, SPECIAL, EXEMPLARY, OR CONSEQUENT
                       IAL DAMAGES (INCLUDING, BUT 
   28 00000000         ;NOT LIMITED TO, PROCUREMENT OF SUBSTITUTE GOODS OR SERV
                       ICES; LOSS OF USE, DATA, OR 
   29 00000000         ;PROFITS; OR BUSINESS INTERRUPTION) HOWEVER CAUSED AND O
                       N ANY THEORY OF LIABILITY, 
   30 00000000         ;WHETHER IN CONTRACT, STRICT LIABILITY, OR TORT (INCLUDI
                       NG NEGLIGENCE OR OTHERWISE) 
   31 00000000         ;ARISING IN ANY WAY OUT OF THE USE OF THIS SOFTWARE, EVE
                       N IF ADVISED OF THE POSSIBILITY 
   32 00000000         ;OF SUCH DAMAGE.
   33 00000000         ;*/
   34 00000000         
   35 00000000         ; <h> Stack Configuration
   36 00000000         ;   <o> Stack Size (in Bytes) <0x0-0xFFFFFFFF:8>
   37 00000000         ; </h>
   38 00000000         
   39 00000000 00000400 
                       Stack_Size
                               EQU              0x00000400



ARM Macro Assembler    Page 2 


   40 00000000         
   41 00000000                 AREA             STACK, NOINIT, READWRITE, ALIGN
=3
   42 00000000         Stack_Mem
                               SPACE            Stack_Size
   43 00000400         __initial_sp
   44 00000400         
   45 00000400         
   46 00000400         ; <h> Heap Configuration
   47 00000400         ;   <o>  Heap Size (in Bytes) <0x0-0xFFFFFFFF:8>
   48 00000400         ; </h>
   49 00000400         
   50 00000400 00000400 
                       Heap_Size
                               EQU              0x00000400
   51 00000400         
   52 00000400                 AREA             HEAP, NOINIT, READWRITE, ALIGN=
3
   53 00000000         __heap_base
   54 00000000         Heap_Mem
                               SPACE            Heap_Size
   55 00000400         __heap_limit
   56 00000400         
   57 00000400                 PRESERVE8
   58 00000400                 THUMB
   59 00000400         
   60 00000400         ;               /* reset Vector Mapped to at Address 0 *
                       /
   61 00000400                 AREA             RESET, DATA, READONLY
   62 00000000                 EXPORT           __Vectors
   63 00000000                 EXPORT           __Vectors_End
   64 00000000                 EXPORT           __Vectors_Size
   65 00000000         
   66 00000000 00000000 
                       __Vectors
                               DCD              __initial_sp ; Top of Stack
   67 00000004 00000000        DCD              Reset_Handler ; Reset Handler
   68 00000008 00000000        DCD              NMI_Handler ; NMI Handler
   69 0000000C 00000000        DCD              HardFault_Handler ; Hard Fault 
                                                            Handler
   70 00000010 00000000        DCD              MemManage_Handler 
                                                            ; MPU Fault Handler
                                                            
   71 00000014 00000000        DCD              BusFault_Handler 
                                                            ; Bus Fault Handler
                                                            
   72 00000018 00000000        DCD              UsageFault_Handler ; Usage Faul
                                                            t Handler
   73 0000001C 00000000        DCD              0           ; Reserved
   74 00000020 00000000        DCD              0           ; Reserved
   75 00000024 00000000        DCD              0           ; Reserved
   76 00000028 00000000        DCD              0           ; Reserved
   77 0000002C 00000000        DCD              SVC_Handler ; SVCall Handler
   78 00000030 00000000        DCD              DebugMon_Handler ; Debug Monito
                                                            r Handler
   79 00000034 00000000        DCD              0           ; Reserved
   80 00000038 00000000        DCD              PendSV_Handler ; PendSV Handler
                                                            
   81 0000003C 00000000        DCD              SysTick_Handler 



ARM Macro Assembler    Page 3 


                                                            ; SysTick Handler
   82 00000040         
   83 00000040         ;               /* external interrupts handler */
   84 00000040 00000000        DCD              WWDGT_IRQHandler ; 16:window wa
                                                            tchdog timer interr
                                                            upt
   85 00000044 00000000        DCD              LVD_VAVD_IRQHandler ; 17:LVD/VA
                                                            VD through EXTI Lin
                                                            e detect interrupt
   86 00000048 00000000        DCD              TAMPER_IRQHandler ; 18:Tamper t
                                                            hrough EXTI Line de
                                                            tect interrupt
   87 0000004C 00000000        DCD              RTC_IRQHandler ; 19:RTC global 
                                                            interrupt
   88 00000050 00000000        DCD              FMC_IRQHandler ; 20:FMC global 
                                                            interrupt
   89 00000054 00000000        DCD              RCU_CTC_IRQHandler ; 21:RCU and
                                                             CTC interrupt
   90 00000058 00000000        DCD              EXTI0_IRQHandler ; 22:EXTI Line
                                                             0 interrupt
   91 0000005C 00000000        DCD              EXTI1_IRQHandler ; 23:EXTI Line
                                                             1 interrupt
   92 00000060 00000000        DCD              EXTI2_IRQHandler ; 24:EXTI Line
                                                             2 interrupt
   93 00000064 00000000        DCD              EXTI3_IRQHandler ; 25:EXTI Line
                                                             3 interrupt
   94 00000068 00000000        DCD              EXTI4_IRQHandler ; 26:EXTI Line
                                                             4 interrupt
   95 0000006C 00000000        DCD              DMA0_Channel0_IRQHandler ; 27:D
                                                            MA0 Channel0 global
                                                             interrupt
   96 00000070 00000000        DCD              DMA0_Channel1_IRQHandler ; 28:D
                                                            MA0 Channel1 global
                                                             interrupt
   97 00000074 00000000        DCD              DMA0_Channel2_IRQHandler ; 29:D
                                                            MA0 Channel2 global
                                                             interrupt
   98 00000078 00000000        DCD              DMA0_Channel3_IRQHandler ; 30:D
                                                            MA0 Channel3 global
                                                             interrupt
   99 0000007C 00000000        DCD              DMA0_Channel4_IRQHandler ; 31:D
                                                            MA0 Channel4 global
                                                             interrupt
  100 00000080 00000000        DCD              DMA0_Channel5_IRQHandler ; 32:D
                                                            MA0 Channel5 global
                                                             interrupt
  101 00000084 00000000        DCD              DMA0_Channel6_IRQHandler ; 33:D
                                                            MA0 Channel6 global
                                                             interrupt
  102 00000088 00000000        DCD              ADC0_1_IRQHandler ; 34:ADC0 and
                                                             ADC1 global interr
                                                            upt
  103 0000008C 00000000        DCD              CAN0_TX_IRQHandler ; 35:CAN0 TX
                                                             interrupt
  104 00000090 00000000        DCD              CAN0_RX0_IRQHandler ; 36:CAN0 R
                                                            X0 interrupt
  105 00000094 00000000        DCD              CAN0_RX1_IRQHandler ; 37:CAN0 R
                                                            X1 interrupt
  106 00000098 00000000        DCD              CAN0_EWMC_IRQHandler ; 38:CAN0 



ARM Macro Assembler    Page 4 


                                                            EWMC interrupt
  107 0000009C 00000000        DCD              EXTI5_9_IRQHandler ; 39:EXTI li
                                                            ne5-9 interrupt
  108 000000A0 00000000        DCD              TIMER0_BRK_IRQHandler ; 40:TIME
                                                            R0 break interrupt
  109 000000A4 00000000        DCD              TIMER0_UP_IRQHandler ; 41:TIMER
                                                            0 update interrupt
  110 000000A8 00000000        DCD              TIMER0_TRG_CMT_IRQHandler ; 42:
                                                            TIMER0 trigger and 
                                                            channel commutation
                                                             interrupt
  111 000000AC 00000000        DCD              TIMER0_Channel_IRQHandler ; 43:
                                                            TIMER0 channel capt
                                                            ure compare interru
                                                            pt
  112 000000B0 00000000        DCD              TIMER1_IRQHandler ; 44:TIMER1 g
                                                            lobal interrupt
  113 000000B4 00000000        DCD              TIMER2_IRQHandler ; 45:TIMER2 g
                                                            lobal interrupt
  114 000000B8 00000000        DCD              TIMER3_IRQHandler ; 46:TIMER3 g
                                                            lobal interrupt
  115 000000BC 00000000        DCD              I2C0_EV_IRQHandler ; 47:I2C0 ev
                                                            ent interrupt
  116 000000C0 00000000        DCD              I2C0_ER_IRQHandler ; 48:I2C0 er
                                                            ror interrupt
  117 000000C4 00000000        DCD              I2C1_EV_IRQHandler ; 49:I2C1 ev
                                                            ent interrupt
  118 000000C8 00000000        DCD              I2C1_ER_IRQHandler ; 50:I2C1 er
                                                            ror interrupt
  119 000000CC 00000000        DCD              SPI0_IRQHandler ; 51:SPI0 globa
                                                            l interrupt
  120 000000D0 00000000        DCD              SPI1_IRQHandler ; 52:SPI1 globa
                                                            l interrupt
  121 000000D4 00000000        DCD              USART0_IRQHandler ; 53:USART0 g
                                                            lobal interrupt
  122 000000D8 00000000        DCD              USART1_IRQHandler ; 54:USART1 g
                                                            lobal interrupt
  123 000000DC 00000000        DCD              USART2_IRQHandler ; 55:USART2 g
                                                            lobal interrupt
  124 000000E0 00000000        DCD              EXTI10_15_IRQHandler ; 56:EXTI 
                                                            line10-15 interrupt
                                                            
  125 000000E4 00000000        DCD              RTC_Alarm_IRQHandler ; 57:RTC a
                                                            larm from EXTI inte
                                                            rrupt
  126 000000E8 00000000        DCD              USBFS_WKUP_IRQHandler ; 58:USBF
                                                            S wakeup from EXTI 
                                                            interrupt
  127 000000EC 00000000        DCD              TIMER7_BRK_IRQHandler ; 59:TIME
                                                            R7 break interrupt
  128 000000F0 00000000        DCD              TIMER7_UP_IRQHandler ; 60:TIMER
                                                            7 update interrupt
  129 000000F4 00000000        DCD              TIMER7_TRG_CMT_IRQHandler ; 61:
                                                            TIMER7 trigger and 
                                                            channel commutation
                                                             interrupt
  130 000000F8 00000000        DCD              TIMER7_Channel_IRQHandler ; 62:
                                                            TIMER7 channel capt
                                                            ure compare interru



ARM Macro Assembler    Page 5 


                                                            pt
  131 000000FC 00000000        DCD              ADC2_IRQHandler ; 63:ADC2 globa
                                                            l interrupt
  132 00000100 00000000        DCD              0           ; 64 Reserved
  133 00000104 00000000        DCD              RCU_CKFM_IRQHandler ; 65:RCU cl
                                                            ock frequency monit
                                                            or interrupt
  134 00000108 00000000        DCD              CMP_WAKEUP_IRQHandler ; 66:CMP 
                                                            from EXTI interrupt
                                                            
  135 0000010C 00000000        DCD              SPI2_IRQHandler ; 67:SPI2 globa
                                                            l interrupt
  136 00000110 00000000        DCD              UART3_IRQHandler ; 68:UART3 glo
                                                            bal interrupt
  137 00000114 00000000        DCD              UART4_IRQHandler ; 69:UART4 glo
                                                            bal interrupt
  138 00000118 00000000        DCD              TIMER5_IRQHandler ; 70:TIMER5 g
                                                            lobal interrupt
  139 0000011C 00000000        DCD              TIMER6_IRQHandler ; 71:TIMER6 g
                                                            lobal interrupt
  140 00000120 00000000        DCD              DMA1_Channel0_IRQHandler ; 72:D
                                                            MA1 Channel0 global
                                                             interrupt
  141 00000124 00000000        DCD              DMA1_Channel1_IRQHandler ; 73:D
                                                            MA1 Channel1 global
                                                             interrupt
  142 00000128 00000000        DCD              DMA1_Channel2_IRQHandler ; 74:D
                                                            MA1 Channel2 global
                                                             interrupt
  143 0000012C 00000000        DCD              DMA1_Channel3_IRQHandler ; 75:D
                                                            MA1 Channel3 global
                                                             interrupt
  144 00000130 00000000        DCD              DMA1_Channel4_IRQHandler ; 76:D
                                                            MA1 Channel4 global
                                                             interrupt
  145 00000134 00000000        DCD              DAC_IRQHandler ; 77:DAC global 
                                                            interrupt
  146 00000138 00000000        DCD              VUVD_VOVD_IRQHandler ; 78:VOVD 
                                                            and VUVD through ex
                                                            ti line detection i
                                                            nterrupt
  147 0000013C 00000000        DCD              CAN1_TX_IRQHandler ; 79:CAN1 TX
                                                             interrupt
  148 00000140 00000000        DCD              CAN1_RX0_IRQHandler ; 80:CAN1 R
                                                            X0 interrupt
  149 00000144 00000000        DCD              CAN1_RX1_IRQHandler ; 81:CAN1 R
                                                            X1 interrupt
  150 00000148 00000000        DCD              CAN1_EWMC_IRQHandler ; 82:CAN1 
                                                            EWMC interrupt
  151 0000014C 00000000        DCD              SRAM_ECC_IRQHandler ; 83:SRAM E
                                                            CC interrupt
  152 00000150 00000000        DCD              FPU_IRQHandler 
                                                            ; 84:FPU interrupt
  153 00000154 00000000        DCD              CMP_IRQHandler 
                                                            ; 85:CMP interrupt
  154 00000158 00000000        DCD              DMAMUX_IRQHandler ; 86:DMAMUX i
                                                            nterrupt
  155 0000015C 00000000        DCD              CAU_IRQHandler 
                                                            ; 87:CAU interrupt



ARM Macro Assembler    Page 6 


  156 00000160 00000000        DCD              HAU_IRQHandler 
                                                            ; 88:HAU interrupt
  157 00000164 00000000        DCD              TRNG_IRQHandler 
                                                            ; 89:TRNG interrupt
                                                            
  158 00000168 00000000        DCD              USBFS_IRQHandler ; 90:USBFS int
                                                            errupt
  159 0000016C 00000000        DCD              TIMER4_IRQHandler ; 91:Timer4 i
                                                            nterrupt
  160 00000170 00000000        DCD              TIMER15_IRQHandler ; 92:Timer15
                                                             interrupt
  161 00000174 00000000        DCD              TIMER16_IRQHandler ; 93:Timer16
                                                             interrupt
  162 00000178 00000000        DCD              TIMER0_BRK_Channel_IRQHandler ;
                                                             94:Timer0 channel 
                                                            break interrupt
  163 0000017C 00000000        DCD              TIMER7_BRK_Channel_IRQHandler ;
                                                             95:Timer7 channel 
                                                            break interrupt
  164 00000180         
  165 00000180         __Vectors_End
  166 00000180         
  167 00000180 00000180 
                       __Vectors_Size
                               EQU              __Vectors_End - __Vectors
  168 00000180         
  169 00000180                 AREA             |.text|, CODE, READONLY
  170 00000000         
  171 00000000         ;/* reset Handler */
  172 00000000         Reset_Handler
                               PROC
  173 00000000                 EXPORT           Reset_Handler                  
  [WEAK]
  174 00000000                 IMPORT           SystemInit
  175 00000000                 IMPORT           __main
  176 00000000         
  177 00000000 4C0F            LDR              R4, =0x1FFFF802
  178 00000002 6825            LDR              R5, [R4]
  179 00000004 EA4F 0595       LSR              R5, R5, #2
  180 00000008 F015 0503       ANDS             R5, R5, #0x3
  181 0000000C 2D03            CMP              R5, #0x3
  182 0000000E D109            BNE              SYSTEM_INIT
  183 00000010         
  184 00000010 F04F 5000       LDR              R0, =0x20000000
  185 00000014 F500 4100       ADD              R1, R0, #0x8000
  186 00000018 F04F 0200       LDR              R2, =0x0
  187 0000001C E8E0 2202 
                       MEM_INIT
                               STRD             R2, R2, [ R0 ] , #8
  188 00000020 4288            CMP              R0, R1
  189 00000022 D1FB            BNE              MEM_INIT
  190 00000024         
  191 00000024         SYSTEM_INIT
  192 00000024 4807            LDR              R0, =SystemInit
  193 00000026 4780            BLX              R0
  194 00000028 4807            LDR              R0, =__main
  195 0000002A 4700            BX               R0
  196 0000002C                 ENDP
  197 0000002C         



ARM Macro Assembler    Page 7 


  198 0000002C         ;/* dummy Exception Handlers */
  199 0000002C         NMI_Handler
                               PROC
  200 0000002C                 EXPORT           NMI_Handler                    
   [WEAK]
  201 0000002C E7FE            B                .
  202 0000002E                 ENDP
  204 0000002E         HardFault_Handler
                               PROC
  205 0000002E                 EXPORT           HardFault_Handler              
   [WEAK]
  206 0000002E E7FE            B                .
  207 00000030                 ENDP
  209 00000030         MemManage_Handler
                               PROC
  210 00000030                 EXPORT           MemManage_Handler              
   [WEAK]
  211 00000030 E7FE            B                .
  212 00000032                 ENDP
  214 00000032         BusFault_Handler
                               PROC
  215 00000032                 EXPORT           BusFault_Handler               
   [WEAK]
  216 00000032 E7FE            B                .
  217 00000034                 ENDP
  219 00000034         UsageFault_Handler
                               PROC
  220 00000034                 EXPORT           UsageFault_Handler             
   [WEAK]
  221 00000034 E7FE            B                .
  222 00000036                 ENDP
  223 00000036         SVC_Handler
                               PROC
  224 00000036                 EXPORT           SVC_Handler                    
   [WEAK]
  225 00000036 E7FE            B                .
  226 00000038                 ENDP
  228 00000038         DebugMon_Handler
                               PROC
  229 00000038                 EXPORT           DebugMon_Handler               
   [WEAK]
  230 00000038 E7FE            B                .
  231 0000003A                 ENDP
  233 0000003A         PendSV_Handler
                               PROC
  234 0000003A                 EXPORT           PendSV_Handler                 
   [WEAK]
  235 0000003A E7FE            B                .
  236 0000003C                 ENDP
  238 0000003C         SysTick_Handler
                               PROC
  239 0000003C                 EXPORT           SysTick_Handler                
   [WEAK]
  240 0000003C E7FE            B                .
  241 0000003E                 ENDP
  242 0000003E         
  243 0000003E         Default_Handler
                               PROC
  244 0000003E         ;               /* external interrupts handler */



ARM Macro Assembler    Page 8 


  245 0000003E                 EXPORT           WWDGT_IRQHandler               
   [WEAK]
  246 0000003E                 EXPORT           LVD_VAVD_IRQHandler            
   [WEAK]
  247 0000003E                 EXPORT           TAMPER_IRQHandler              
   [WEAK]
  248 0000003E                 EXPORT           RTC_IRQHandler                 
   [WEAK]
  249 0000003E                 EXPORT           FMC_IRQHandler                 
   [WEAK]
  250 0000003E                 EXPORT           RCU_CTC_IRQHandler             
   [WEAK]
  251 0000003E                 EXPORT           EXTI0_IRQHandler               
   [WEAK]
  252 0000003E                 EXPORT           EXTI1_IRQHandler               
   [WEAK]
  253 0000003E                 EXPORT           EXTI2_IRQHandler               
   [WEAK]
  254 0000003E                 EXPORT           EXTI3_IRQHandler               
   [WEAK]
  255 0000003E                 EXPORT           EXTI4_IRQHandler               
   [WEAK]
  256 0000003E                 EXPORT           DMA0_Channel0_IRQHandler       
   [WEAK]
  257 0000003E                 EXPORT           DMA0_Channel1_IRQHandler       
   [WEAK]
  258 0000003E                 EXPORT           DMA0_Channel2_IRQHandler       
   [WEAK]
  259 0000003E                 EXPORT           DMA0_Channel3_IRQHandler       
   [WEAK]
  260 0000003E                 EXPORT           DMA0_Channel4_IRQHandler       
   [WEAK]
  261 0000003E                 EXPORT           DMA0_Channel5_IRQHandler       
   [WEAK]
  262 0000003E                 EXPORT           DMA0_Channel6_IRQHandler       
   [WEAK]
  263 0000003E                 EXPORT           ADC0_1_IRQHandler              
   [WEAK]
  264 0000003E                 EXPORT           CAN0_TX_IRQHandler             
   [WEAK]
  265 0000003E                 EXPORT           CAN0_RX0_IRQHandler            
   [WEAK]
  266 0000003E                 EXPORT           CAN0_RX1_IRQHandler            
   [WEAK]
  267 0000003E                 EXPORT           CAN0_EWMC_IRQHandler           
   [WEAK]
  268 0000003E                 EXPORT           EXTI5_9_IRQHandler             
   [WEAK]
  269 0000003E                 EXPORT           TIMER0_BRK_IRQHandler          
   [WEAK]
  270 0000003E                 EXPORT           TIMER0_UP_IRQHandler           
   [WEAK]
  271 0000003E                 EXPORT           TIMER0_TRG_CMT_IRQHandler      
   [WEAK]
  272 0000003E                 EXPORT           TIMER0_Channel_IRQHandler      
   [WEAK]
  273 0000003E                 EXPORT           TIMER1_IRQHandler              
   [WEAK]
  274 0000003E                 EXPORT           TIMER2_IRQHandler              



ARM Macro Assembler    Page 9 


   [WEAK]
  275 0000003E                 EXPORT           TIMER3_IRQHandler              
   [WEAK]
  276 0000003E                 EXPORT           I2C0_EV_IRQHandler             
   [WEAK]
  277 0000003E                 EXPORT           I2C0_ER_IRQHandler             
   [WEAK]
  278 0000003E                 EXPORT           I2C1_EV_IRQHandler             
   [WEAK]
  279 0000003E                 EXPORT           I2C1_ER_IRQHandler             
   [WEAK]
  280 0000003E                 EXPORT           SPI0_IRQHandler                
   [WEAK]
  281 0000003E                 EXPORT           SPI1_IRQHandler                
   [WEAK]
  282 0000003E                 EXPORT           USART0_IRQHandler              
   [WEAK]
  283 0000003E                 EXPORT           USART1_IRQHandler              
   [WEAK]
  284 0000003E                 EXPORT           USART2_IRQHandler              
   [WEAK]
  285 0000003E                 EXPORT           EXTI10_15_IRQHandler           
   [WEAK]
  286 0000003E                 EXPORT           RTC_Alarm_IRQHandler           
   [WEAK]
  287 0000003E                 EXPORT           USBFS_WKUP_IRQHandler          
   [WEAK]
  288 0000003E                 EXPORT           TIMER7_BRK_IRQHandler          
   [WEAK]
  289 0000003E                 EXPORT           TIMER7_UP_IRQHandler           
   [WEAK]
  290 0000003E                 EXPORT           TIMER7_TRG_CMT_IRQHandler      
   [WEAK]
  291 0000003E                 EXPORT           TIMER7_Channel_IRQHandler      
   [WEAK]
  292 0000003E                 EXPORT           ADC2_IRQHandler                
   [WEAK]
  293 0000003E                 EXPORT           RCU_CKFM_IRQHandler            
   [WEAK]
  294 0000003E                 EXPORT           CMP_WAKEUP_IRQHandler          
   [WEAK]
  295 0000003E                 EXPORT           SPI2_IRQHandler                
   [WEAK]
  296 0000003E                 EXPORT           UART3_IRQHandler               
   [WEAK]
  297 0000003E                 EXPORT           UART4_IRQHandler               
   [WEAK]
  298 0000003E                 EXPORT           TIMER5_IRQHandler              
   [WEAK]
  299 0000003E                 EXPORT           TIMER6_IRQHandler              
   [WEAK]
  300 0000003E                 EXPORT           DMA1_Channel0_IRQHandler       
   [WEAK]
  301 0000003E                 EXPORT           DMA1_Channel1_IRQHandler       
   [WEAK]
  302 0000003E                 EXPORT           DMA1_Channel2_IRQHandler       
   [WEAK]
  303 0000003E                 EXPORT           DMA1_Channel3_IRQHandler       
   [WEAK]



ARM Macro Assembler    Page 10 


  304 0000003E                 EXPORT           DMA1_Channel4_IRQHandler       
   [WEAK]
  305 0000003E                 EXPORT           DAC_IRQHandler                 
   [WEAK]
  306 0000003E                 EXPORT           VUVD_VOVD_IRQHandler           
   [WEAK]
  307 0000003E                 EXPORT           CAN1_TX_IRQHandler             
   [WEAK]
  308 0000003E                 EXPORT           CAN1_RX0_IRQHandler            
   [WEAK]
  309 0000003E                 EXPORT           CAN1_RX1_IRQHandler            
   [WEAK]
  310 0000003E                 EXPORT           CAN1_EWMC_IRQHandler           
   [WEAK]
  311 0000003E                 EXPORT           SRAM_ECC_IRQHandler            
   [WEAK]
  312 0000003E                 EXPORT           FPU_IRQHandler                 
   [WEAK]
  313 0000003E                 EXPORT           CMP_IRQHandler                 
   [WEAK]
  314 0000003E                 EXPORT           DMAMUX_IRQHandler              
   [WEAK]
  315 0000003E                 EXPORT           CAU_IRQHandler                 
   [WEAK]
  316 0000003E                 EXPORT           HAU_IRQHandler                 
   [WEAK]
  317 0000003E                 EXPORT           TRNG_IRQHandler                
   [WEAK]
  318 0000003E                 EXPORT           USBFS_IRQHandler               
   [WEAK]
  319 0000003E                 EXPORT           TIMER4_IRQHandler              
   [WEAK]
  320 0000003E                 EXPORT           TIMER15_IRQHandler             
   [WEAK]
  321 0000003E                 EXPORT           TIMER16_IRQHandler             
   [WEAK]
  322 0000003E                 EXPORT           TIMER0_BRK_Channel_IRQHandler  
   [WEAK]
  323 0000003E                 EXPORT           TIMER7_BRK_Channel_IRQHandler  
   [WEAK]
  324 0000003E         
  325 0000003E         ;/* external interrupts handler */
  326 0000003E         WWDGT_IRQHandler
  327 0000003E         LVD_VAVD_IRQHandler
  328 0000003E         TAMPER_IRQHandler
  329 0000003E         RTC_IRQHandler
  330 0000003E         FMC_IRQHandler
  331 0000003E         RCU_CTC_IRQHandler
  332 0000003E         EXTI0_IRQHandler
  333 0000003E         EXTI1_IRQHandler
  334 0000003E         EXTI2_IRQHandler
  335 0000003E         EXTI3_IRQHandler
  336 0000003E         EXTI4_IRQHandler
  337 0000003E         DMA0_Channel0_IRQHandler
  338 0000003E         DMA0_Channel1_IRQHandler
  339 0000003E         DMA0_Channel2_IRQHandler
  340 0000003E         DMA0_Channel3_IRQHandler
  341 0000003E         DMA0_Channel4_IRQHandler
  342 0000003E         DMA0_Channel5_IRQHandler



ARM Macro Assembler    Page 11 


  343 0000003E         DMA0_Channel6_IRQHandler
  344 0000003E         ADC0_1_IRQHandler
  345 0000003E         CAN0_TX_IRQHandler
  346 0000003E         CAN0_RX0_IRQHandler
  347 0000003E         CAN0_RX1_IRQHandler
  348 0000003E         CAN0_EWMC_IRQHandler
  349 0000003E         EXTI5_9_IRQHandler
  350 0000003E         TIMER0_BRK_IRQHandler
  351 0000003E         TIMER0_UP_IRQHandler
  352 0000003E         TIMER0_TRG_CMT_IRQHandler
  353 0000003E         TIMER0_Channel_IRQHandler
  354 0000003E         TIMER1_IRQHandler
  355 0000003E         TIMER2_IRQHandler
  356 0000003E         TIMER3_IRQHandler
  357 0000003E         I2C0_EV_IRQHandler
  358 0000003E         I2C0_ER_IRQHandler
  359 0000003E         I2C1_EV_IRQHandler
  360 0000003E         I2C1_ER_IRQHandler
  361 0000003E         SPI0_IRQHandler
  362 0000003E         SPI1_IRQHandler
  363 0000003E         USART0_IRQHandler
  364 0000003E         USART1_IRQHandler
  365 0000003E         USART2_IRQHandler
  366 0000003E         EXTI10_15_IRQHandler
  367 0000003E         RTC_Alarm_IRQHandler
  368 0000003E         USBFS_WKUP_IRQHandler
  369 0000003E         TIMER7_BRK_IRQHandler
  370 0000003E         TIMER7_UP_IRQHandler
  371 0000003E         TIMER7_TRG_CMT_IRQHandler
  372 0000003E         TIMER7_Channel_IRQHandler
  373 0000003E         ADC2_IRQHandler
  374 0000003E         RCU_CKFM_IRQHandler
  375 0000003E         CMP_WAKEUP_IRQHandler
  376 0000003E         SPI2_IRQHandler
  377 0000003E         UART3_IRQHandler
  378 0000003E         UART4_IRQHandler
  379 0000003E         TIMER5_IRQHandler
  380 0000003E         TIMER6_IRQHandler
  381 0000003E         DMA1_Channel0_IRQHandler
  382 0000003E         DMA1_Channel1_IRQHandler
  383 0000003E         DMA1_Channel2_IRQHandler
  384 0000003E         DMA1_Channel3_IRQHandler
  385 0000003E         DMA1_Channel4_IRQHandler
  386 0000003E         DAC_IRQHandler
  387 0000003E         VUVD_VOVD_IRQHandler
  388 0000003E         CAN1_TX_IRQHandler
  389 0000003E         CAN1_RX0_IRQHandler
  390 0000003E         CAN1_RX1_IRQHandler
  391 0000003E         CAN1_EWMC_IRQHandler
  392 0000003E         SRAM_ECC_IRQHandler
  393 0000003E         FPU_IRQHandler
  394 0000003E         CMP_IRQHandler
  395 0000003E         DMAMUX_IRQHandler
  396 0000003E         CAU_IRQHandler
  397 0000003E         HAU_IRQHandler
  398 0000003E         TRNG_IRQHandler
  399 0000003E         USBFS_IRQHandler
  400 0000003E         TIMER4_IRQHandler
  401 0000003E         TIMER15_IRQHandler



ARM Macro Assembler    Page 12 


  402 0000003E         TIMER16_IRQHandler
  403 0000003E         TIMER0_BRK_Channel_IRQHandler
  404 0000003E         TIMER7_BRK_Channel_IRQHandler
  405 0000003E E7FE            B                .
  406 00000040                 ENDP
  407 00000040         
  408 00000040                 ALIGN
  409 00000040         
  410 00000040         ; user Initial Stack & Heap
  411 00000040         
  412 00000040                 IF               :DEF:__MICROLIB
  413 00000040         
  414 00000040                 EXPORT           __initial_sp
  415 00000040                 EXPORT           __heap_base
  416 00000040                 EXPORT           __heap_limit
  417 00000040         
  418 00000040                 ELSE
  433                          ENDIF
  434 00000040         
  435 00000040                 END
              1FFFF802 
              00000000 
              00000000 
Command Line: --debug --xref --diag_suppress=9931,A1950W --cpu=Cortex-M33.no_ds
p --fpu=FPv5-SP --depend=.\output\startup_gd32f50x.d -o.\output\startup_gd32f50
x.o -I.\RTE\_GD32F50X -ID:\Keil5\Packs\ARM\CMSIS\5.9.0\CMSIS\Core\Include --pre
define="__MICROLIB SETA 1" --predefine="__UVISION_VERSION SETA 539" --predefine
="_RTE_ SETA 1" --predefine="_RTE_ SETA 1" --list=.\list\startup_gd32f50x.lst .
.\..\..\..\..\Firmware\GD32F50x_Firmware_Library\Firmware\CMSIS\GD\GD32F50x\Sou
rce\ARM\startup_gd32f50x.s



ARM Macro Assembler    Page 1 Alphabetic symbol ordering
Relocatable symbols

STACK 00000000

Symbol: STACK
   Definitions
      At line 41 in file ..\..\..\..\..\Firmware\GD32F50x_Firmware_Library\Firm
ware\CMSIS\GD\GD32F50x\Source\ARM\startup_gd32f50x.s
   Uses
      None
Comment: STACK unused
Stack_Mem 00000000

Symbol: Stack_Mem
   Definitions
      At line 42 in file ..\..\..\..\..\Firmware\GD32F50x_Firmware_Library\Firm
ware\CMSIS\GD\GD32F50x\Source\ARM\startup_gd32f50x.s
   Uses
      None
Comment: Stack_Mem unused
__initial_sp 00000400

Symbol: __initial_sp
   Definitions
      At line 43 in file ..\..\..\..\..\Firmware\GD32F50x_Firmware_Library\Firm
ware\CMSIS\GD\GD32F50x\Source\ARM\startup_gd32f50x.s
   Uses
      At line 66 in file ..\..\..\..\..\Firmware\GD32F50x_Firmware_Library\Firm
ware\CMSIS\GD\GD32F50x\Source\ARM\startup_gd32f50x.s
      At line 414 in file ..\..\..\..\..\Firmware\GD32F50x_Firmware_Library\Fir
mware\CMSIS\GD\GD32F50x\Source\ARM\startup_gd32f50x.s

3 symbols



ARM Macro Assembler    Page 1 Alphabetic symbol ordering
Relocatable symbols

HEAP 00000000

Symbol: HEAP
   Definitions
      At line 52 in file ..\..\..\..\..\Firmware\GD32F50x_Firmware_Library\Firm
ware\CMSIS\GD\GD32F50x\Source\ARM\startup_gd32f50x.s
   Uses
      None
Comment: HEAP unused
Heap_Mem 00000000

Symbol: Heap_Mem
   Definitions
      At line 54 in file ..\..\..\..\..\Firmware\GD32F50x_Firmware_Library\Firm
ware\CMSIS\GD\GD32F50x\Source\ARM\startup_gd32f50x.s
   Uses
      None
Comment: Heap_Mem unused
__heap_base 00000000

Symbol: __heap_base
   Definitions
      At line 53 in file ..\..\..\..\..\Firmware\GD32F50x_Firmware_Library\Firm
ware\CMSIS\GD\GD32F50x\Source\ARM\startup_gd32f50x.s
   Uses
      At line 415 in file ..\..\..\..\..\Firmware\GD32F50x_Firmware_Library\Fir
mware\CMSIS\GD\GD32F50x\Source\ARM\startup_gd32f50x.s
Comment: __heap_base used once
__heap_limit 00000400

Symbol: __heap_limit
   Definitions
      At line 55 in file ..\..\..\..\..\Firmware\GD32F50x_Firmware_Library\Firm
ware\CMSIS\GD\GD32F50x\Source\ARM\startup_gd32f50x.s
   Uses
      At line 416 in file ..\..\..\..\..\Firmware\GD32F50x_Firmware_Library\Fir
mware\CMSIS\GD\GD32F50x\Source\ARM\startup_gd32f50x.s
Comment: __heap_limit used once
4 symbols



ARM Macro Assembler    Page 1 Alphabetic symbol ordering
Relocatable symbols

RESET 00000000

Symbol: RESET
   Definitions
      At line 61 in file ..\..\..\..\..\Firmware\GD32F50x_Firmware_Library\Firm
ware\CMSIS\GD\GD32F50x\Source\ARM\startup_gd32f50x.s
   Uses
      None
Comment: RESET unused
__Vectors 00000000

Symbol: __Vectors
   Definitions
      At line 66 in file ..\..\..\..\..\Firmware\GD32F50x_Firmware_Library\Firm
ware\CMSIS\GD\GD32F50x\Source\ARM\startup_gd32f50x.s
   Uses
      At line 62 in file ..\..\..\..\..\Firmware\GD32F50x_Firmware_Library\Firm
ware\CMSIS\GD\GD32F50x\Source\ARM\startup_gd32f50x.s
      At line 167 in file ..\..\..\..\..\Firmware\GD32F50x_Firmware_Library\Fir
mware\CMSIS\GD\GD32F50x\Source\ARM\startup_gd32f50x.s

__Vectors_End 00000180

Symbol: __Vectors_End
   Definitions
      At line 165 in file ..\..\..\..\..\Firmware\GD32F50x_Firmware_Library\Fir
mware\CMSIS\GD\GD32F50x\Source\ARM\startup_gd32f50x.s
   Uses
      At line 63 in file ..\..\..\..\..\Firmware\GD32F50x_Firmware_Library\Firm
ware\CMSIS\GD\GD32F50x\Source\ARM\startup_gd32f50x.s
      At line 167 in file ..\..\..\..\..\Firmware\GD32F50x_Firmware_Library\Fir
mware\CMSIS\GD\GD32F50x\Source\ARM\startup_gd32f50x.s

3 symbols



ARM Macro Assembler    Page 1 Alphabetic symbol ordering
Relocatable symbols

.text 00000000

Symbol: .text
   Definitions
      At line 169 in file ..\..\..\..\..\Firmware\GD32F50x_Firmware_Library\Fir
mware\CMSIS\GD\GD32F50x\Source\ARM\startup_gd32f50x.s
   Uses
      None
Comment: .text unused
ADC0_1_IRQHandler 0000003E

Symbol: ADC0_1_IRQHandler
   Definitions
      At line 344 in file ..\..\..\..\..\Firmware\GD32F50x_Firmware_Library\Fir
mware\CMSIS\GD\GD32F50x\Source\ARM\startup_gd32f50x.s
   Uses
      At line 102 in file ..\..\..\..\..\Firmware\GD32F50x_Firmware_Library\Fir
mware\CMSIS\GD\GD32F50x\Source\ARM\startup_gd32f50x.s
      At line 263 in file ..\..\..\..\..\Firmware\GD32F50x_Firmware_Library\Fir
mware\CMSIS\GD\GD32F50x\Source\ARM\startup_gd32f50x.s

ADC2_IRQHandler 0000003E

Symbol: ADC2_IRQHandler
   Definitions
      At line 373 in file ..\..\..\..\..\Firmware\GD32F50x_Firmware_Library\Fir
mware\CMSIS\GD\GD32F50x\Source\ARM\startup_gd32f50x.s
   Uses
      At line 131 in file ..\..\..\..\..\Firmware\GD32F50x_Firmware_Library\Fir
mware\CMSIS\GD\GD32F50x\Source\ARM\startup_gd32f50x.s
      At line 292 in file ..\..\..\..\..\Firmware\GD32F50x_Firmware_Library\Fir
mware\CMSIS\GD\GD32F50x\Source\ARM\startup_gd32f50x.s

BusFault_Handler 00000032

Symbol: BusFault_Handler
   Definitions
      At line 214 in file ..\..\..\..\..\Firmware\GD32F50x_Firmware_Library\Fir
mware\CMSIS\GD\GD32F50x\Source\ARM\startup_gd32f50x.s
   Uses
      At line 71 in file ..\..\..\..\..\Firmware\GD32F50x_Firmware_Library\Firm
ware\CMSIS\GD\GD32F50x\Source\ARM\startup_gd32f50x.s
      At line 215 in file ..\..\..\..\..\Firmware\GD32F50x_Firmware_Library\Fir
mware\CMSIS\GD\GD32F50x\Source\ARM\startup_gd32f50x.s

CAN0_EWMC_IRQHandler 0000003E

Symbol: CAN0_EWMC_IRQHandler
   Definitions
      At line 348 in file ..\..\..\..\..\Firmware\GD32F50x_Firmware_Library\Fir
mware\CMSIS\GD\GD32F50x\Source\ARM\startup_gd32f50x.s
   Uses
      At line 106 in file ..\..\..\..\..\Firmware\GD32F50x_Firmware_Library\Fir
mware\CMSIS\GD\GD32F50x\Source\ARM\startup_gd32f50x.s
      At line 267 in file ..\..\..\..\..\Firmware\GD32F50x_Firmware_Library\Fir
mware\CMSIS\GD\GD32F50x\Source\ARM\startup_gd32f50x.s

CAN0_RX0_IRQHandler 0000003E




ARM Macro Assembler    Page 2 Alphabetic symbol ordering
Relocatable symbols

Symbol: CAN0_RX0_IRQHandler
   Definitions
      At line 346 in file ..\..\..\..\..\Firmware\GD32F50x_Firmware_Library\Fir
mware\CMSIS\GD\GD32F50x\Source\ARM\startup_gd32f50x.s
   Uses
      At line 104 in file ..\..\..\..\..\Firmware\GD32F50x_Firmware_Library\Fir
mware\CMSIS\GD\GD32F50x\Source\ARM\startup_gd32f50x.s
      At line 265 in file ..\..\..\..\..\Firmware\GD32F50x_Firmware_Library\Fir
mware\CMSIS\GD\GD32F50x\Source\ARM\startup_gd32f50x.s

CAN0_RX1_IRQHandler 0000003E

Symbol: CAN0_RX1_IRQHandler
   Definitions
      At line 347 in file ..\..\..\..\..\Firmware\GD32F50x_Firmware_Library\Fir
mware\CMSIS\GD\GD32F50x\Source\ARM\startup_gd32f50x.s
   Uses
      At line 105 in file ..\..\..\..\..\Firmware\GD32F50x_Firmware_Library\Fir
mware\CMSIS\GD\GD32F50x\Source\ARM\startup_gd32f50x.s
      At line 266 in file ..\..\..\..\..\Firmware\GD32F50x_Firmware_Library\Fir
mware\CMSIS\GD\GD32F50x\Source\ARM\startup_gd32f50x.s

CAN0_TX_IRQHandler 0000003E

Symbol: CAN0_TX_IRQHandler
   Definitions
      At line 345 in file ..\..\..\..\..\Firmware\GD32F50x_Firmware_Library\Fir
mware\CMSIS\GD\GD32F50x\Source\ARM\startup_gd32f50x.s
   Uses
      At line 103 in file ..\..\..\..\..\Firmware\GD32F50x_Firmware_Library\Fir
mware\CMSIS\GD\GD32F50x\Source\ARM\startup_gd32f50x.s
      At line 264 in file ..\..\..\..\..\Firmware\GD32F50x_Firmware_Library\Fir
mware\CMSIS\GD\GD32F50x\Source\ARM\startup_gd32f50x.s

CAN1_EWMC_IRQHandler 0000003E

Symbol: CAN1_EWMC_IRQHandler
   Definitions
      At line 391 in file ..\..\..\..\..\Firmware\GD32F50x_Firmware_Library\Fir
mware\CMSIS\GD\GD32F50x\Source\ARM\startup_gd32f50x.s
   Uses
      At line 150 in file ..\..\..\..\..\Firmware\GD32F50x_Firmware_Library\Fir
mware\CMSIS\GD\GD32F50x\Source\ARM\startup_gd32f50x.s
      At line 310 in file ..\..\..\..\..\Firmware\GD32F50x_Firmware_Library\Fir
mware\CMSIS\GD\GD32F50x\Source\ARM\startup_gd32f50x.s

CAN1_RX0_IRQHandler 0000003E

Symbol: CAN1_RX0_IRQHandler
   Definitions
      At line 389 in file ..\..\..\..\..\Firmware\GD32F50x_Firmware_Library\Fir
mware\CMSIS\GD\GD32F50x\Source\ARM\startup_gd32f50x.s
   Uses
      At line 148 in file ..\..\..\..\..\Firmware\GD32F50x_Firmware_Library\Fir
mware\CMSIS\GD\GD32F50x\Source\ARM\startup_gd32f50x.s
      At line 308 in file ..\..\..\..\..\Firmware\GD32F50x_Firmware_Library\Fir
mware\CMSIS\GD\GD32F50x\Source\ARM\startup_gd32f50x.s

CAN1_RX1_IRQHandler 0000003E



ARM Macro Assembler    Page 3 Alphabetic symbol ordering
Relocatable symbols


Symbol: CAN1_RX1_IRQHandler
   Definitions
      At line 390 in file ..\..\..\..\..\Firmware\GD32F50x_Firmware_Library\Fir
mware\CMSIS\GD\GD32F50x\Source\ARM\startup_gd32f50x.s
   Uses
      At line 149 in file ..\..\..\..\..\Firmware\GD32F50x_Firmware_Library\Fir
mware\CMSIS\GD\GD32F50x\Source\ARM\startup_gd32f50x.s
      At line 309 in file ..\..\..\..\..\Firmware\GD32F50x_Firmware_Library\Fir
mware\CMSIS\GD\GD32F50x\Source\ARM\startup_gd32f50x.s

CAN1_TX_IRQHandler 0000003E

Symbol: CAN1_TX_IRQHandler
   Definitions
      At line 388 in file ..\..\..\..\..\Firmware\GD32F50x_Firmware_Library\Fir
mware\CMSIS\GD\GD32F50x\Source\ARM\startup_gd32f50x.s
   Uses
      At line 147 in file ..\..\..\..\..\Firmware\GD32F50x_Firmware_Library\Fir
mware\CMSIS\GD\GD32F50x\Source\ARM\startup_gd32f50x.s
      At line 307 in file ..\..\..\..\..\Firmware\GD32F50x_Firmware_Library\Fir
mware\CMSIS\GD\GD32F50x\Source\ARM\startup_gd32f50x.s

CAU_IRQHandler 0000003E

Symbol: CAU_IRQHandler
   Definitions
      At line 396 in file ..\..\..\..\..\Firmware\GD32F50x_Firmware_Library\Fir
mware\CMSIS\GD\GD32F50x\Source\ARM\startup_gd32f50x.s
   Uses
      At line 155 in file ..\..\..\..\..\Firmware\GD32F50x_Firmware_Library\Fir
mware\CMSIS\GD\GD32F50x\Source\ARM\startup_gd32f50x.s
      At line 315 in file ..\..\..\..\..\Firmware\GD32F50x_Firmware_Library\Fir
mware\CMSIS\GD\GD32F50x\Source\ARM\startup_gd32f50x.s

CMP_IRQHandler 0000003E

Symbol: CMP_IRQHandler
   Definitions
      At line 394 in file ..\..\..\..\..\Firmware\GD32F50x_Firmware_Library\Fir
mware\CMSIS\GD\GD32F50x\Source\ARM\startup_gd32f50x.s
   Uses
      At line 153 in file ..\..\..\..\..\Firmware\GD32F50x_Firmware_Library\Fir
mware\CMSIS\GD\GD32F50x\Source\ARM\startup_gd32f50x.s
      At line 313 in file ..\..\..\..\..\Firmware\GD32F50x_Firmware_Library\Fir
mware\CMSIS\GD\GD32F50x\Source\ARM\startup_gd32f50x.s

CMP_WAKEUP_IRQHandler 0000003E

Symbol: CMP_WAKEUP_IRQHandler
   Definitions
      At line 375 in file ..\..\..\..\..\Firmware\GD32F50x_Firmware_Library\Fir
mware\CMSIS\GD\GD32F50x\Source\ARM\startup_gd32f50x.s
   Uses
      At line 134 in file ..\..\..\..\..\Firmware\GD32F50x_Firmware_Library\Fir
mware\CMSIS\GD\GD32F50x\Source\ARM\startup_gd32f50x.s
      At line 294 in file ..\..\..\..\..\Firmware\GD32F50x_Firmware_Library\Fir
mware\CMSIS\GD\GD32F50x\Source\ARM\startup_gd32f50x.s




ARM Macro Assembler    Page 4 Alphabetic symbol ordering
Relocatable symbols

DAC_IRQHandler 0000003E

Symbol: DAC_IRQHandler
   Definitions
      At line 386 in file ..\..\..\..\..\Firmware\GD32F50x_Firmware_Library\Fir
mware\CMSIS\GD\GD32F50x\Source\ARM\startup_gd32f50x.s
   Uses
      At line 145 in file ..\..\..\..\..\Firmware\GD32F50x_Firmware_Library\Fir
mware\CMSIS\GD\GD32F50x\Source\ARM\startup_gd32f50x.s
      At line 305 in file ..\..\..\..\..\Firmware\GD32F50x_Firmware_Library\Fir
mware\CMSIS\GD\GD32F50x\Source\ARM\startup_gd32f50x.s

DMA0_Channel0_IRQHandler 0000003E

Symbol: DMA0_Channel0_IRQHandler
   Definitions
      At line 337 in file ..\..\..\..\..\Firmware\GD32F50x_Firmware_Library\Fir
mware\CMSIS\GD\GD32F50x\Source\ARM\startup_gd32f50x.s
   Uses
      At line 95 in file ..\..\..\..\..\Firmware\GD32F50x_Firmware_Library\Firm
ware\CMSIS\GD\GD32F50x\Source\ARM\startup_gd32f50x.s
      At line 256 in file ..\..\..\..\..\Firmware\GD32F50x_Firmware_Library\Fir
mware\CMSIS\GD\GD32F50x\Source\ARM\startup_gd32f50x.s

DMA0_Channel1_IRQHandler 0000003E

Symbol: DMA0_Channel1_IRQHandler
   Definitions
      At line 338 in file ..\..\..\..\..\Firmware\GD32F50x_Firmware_Library\Fir
mware\CMSIS\GD\GD32F50x\Source\ARM\startup_gd32f50x.s
   Uses
      At line 96 in file ..\..\..\..\..\Firmware\GD32F50x_Firmware_Library\Firm
ware\CMSIS\GD\GD32F50x\Source\ARM\startup_gd32f50x.s
      At line 257 in file ..\..\..\..\..\Firmware\GD32F50x_Firmware_Library\Fir
mware\CMSIS\GD\GD32F50x\Source\ARM\startup_gd32f50x.s

DMA0_Channel2_IRQHandler 0000003E

Symbol: DMA0_Channel2_IRQHandler
   Definitions
      At line 339 in file ..\..\..\..\..\Firmware\GD32F50x_Firmware_Library\Fir
mware\CMSIS\GD\GD32F50x\Source\ARM\startup_gd32f50x.s
   Uses
      At line 97 in file ..\..\..\..\..\Firmware\GD32F50x_Firmware_Library\Firm
ware\CMSIS\GD\GD32F50x\Source\ARM\startup_gd32f50x.s
      At line 258 in file ..\..\..\..\..\Firmware\GD32F50x_Firmware_Library\Fir
mware\CMSIS\GD\GD32F50x\Source\ARM\startup_gd32f50x.s

DMA0_Channel3_IRQHandler 0000003E

Symbol: DMA0_Channel3_IRQHandler
   Definitions
      At line 340 in file ..\..\..\..\..\Firmware\GD32F50x_Firmware_Library\Fir
mware\CMSIS\GD\GD32F50x\Source\ARM\startup_gd32f50x.s
   Uses
      At line 98 in file ..\..\..\..\..\Firmware\GD32F50x_Firmware_Library\Firm
ware\CMSIS\GD\GD32F50x\Source\ARM\startup_gd32f50x.s
      At line 259 in file ..\..\..\..\..\Firmware\GD32F50x_Firmware_Library\Fir
mware\CMSIS\GD\GD32F50x\Source\ARM\startup_gd32f50x.s



ARM Macro Assembler    Page 5 Alphabetic symbol ordering
Relocatable symbols


DMA0_Channel4_IRQHandler 0000003E

Symbol: DMA0_Channel4_IRQHandler
   Definitions
      At line 341 in file ..\..\..\..\..\Firmware\GD32F50x_Firmware_Library\Fir
mware\CMSIS\GD\GD32F50x\Source\ARM\startup_gd32f50x.s
   Uses
      At line 99 in file ..\..\..\..\..\Firmware\GD32F50x_Firmware_Library\Firm
ware\CMSIS\GD\GD32F50x\Source\ARM\startup_gd32f50x.s
      At line 260 in file ..\..\..\..\..\Firmware\GD32F50x_Firmware_Library\Fir
mware\CMSIS\GD\GD32F50x\Source\ARM\startup_gd32f50x.s

DMA0_Channel5_IRQHandler 0000003E

Symbol: DMA0_Channel5_IRQHandler
   Definitions
      At line 342 in file ..\..\..\..\..\Firmware\GD32F50x_Firmware_Library\Fir
mware\CMSIS\GD\GD32F50x\Source\ARM\startup_gd32f50x.s
   Uses
      At line 100 in file ..\..\..\..\..\Firmware\GD32F50x_Firmware_Library\Fir
mware\CMSIS\GD\GD32F50x\Source\ARM\startup_gd32f50x.s
      At line 261 in file ..\..\..\..\..\Firmware\GD32F50x_Firmware_Library\Fir
mware\CMSIS\GD\GD32F50x\Source\ARM\startup_gd32f50x.s

DMA0_Channel6_IRQHandler 0000003E

Symbol: DMA0_Channel6_IRQHandler
   Definitions
      At line 343 in file ..\..\..\..\..\Firmware\GD32F50x_Firmware_Library\Fir
mware\CMSIS\GD\GD32F50x\Source\ARM\startup_gd32f50x.s
   Uses
      At line 101 in file ..\..\..\..\..\Firmware\GD32F50x_Firmware_Library\Fir
mware\CMSIS\GD\GD32F50x\Source\ARM\startup_gd32f50x.s
      At line 262 in file ..\..\..\..\..\Firmware\GD32F50x_Firmware_Library\Fir
mware\CMSIS\GD\GD32F50x\Source\ARM\startup_gd32f50x.s

DMA1_Channel0_IRQHandler 0000003E

Symbol: DMA1_Channel0_IRQHandler
   Definitions
      At line 381 in file ..\..\..\..\..\Firmware\GD32F50x_Firmware_Library\Fir
mware\CMSIS\GD\GD32F50x\Source\ARM\startup_gd32f50x.s
   Uses
      At line 140 in file ..\..\..\..\..\Firmware\GD32F50x_Firmware_Library\Fir
mware\CMSIS\GD\GD32F50x\Source\ARM\startup_gd32f50x.s
      At line 300 in file ..\..\..\..\..\Firmware\GD32F50x_Firmware_Library\Fir
mware\CMSIS\GD\GD32F50x\Source\ARM\startup_gd32f50x.s

DMA1_Channel1_IRQHandler 0000003E

Symbol: DMA1_Channel1_IRQHandler
   Definitions
      At line 382 in file ..\..\..\..\..\Firmware\GD32F50x_Firmware_Library\Fir
mware\CMSIS\GD\GD32F50x\Source\ARM\startup_gd32f50x.s
   Uses
      At line 141 in file ..\..\..\..\..\Firmware\GD32F50x_Firmware_Library\Fir
mware\CMSIS\GD\GD32F50x\Source\ARM\startup_gd32f50x.s
      At line 301 in file ..\..\..\..\..\Firmware\GD32F50x_Firmware_Library\Fir



ARM Macro Assembler    Page 6 Alphabetic symbol ordering
Relocatable symbols

mware\CMSIS\GD\GD32F50x\Source\ARM\startup_gd32f50x.s

DMA1_Channel2_IRQHandler 0000003E

Symbol: DMA1_Channel2_IRQHandler
   Definitions
      At line 383 in file ..\..\..\..\..\Firmware\GD32F50x_Firmware_Library\Fir
mware\CMSIS\GD\GD32F50x\Source\ARM\startup_gd32f50x.s
   Uses
      At line 142 in file ..\..\..\..\..\Firmware\GD32F50x_Firmware_Library\Fir
mware\CMSIS\GD\GD32F50x\Source\ARM\startup_gd32f50x.s
      At line 302 in file ..\..\..\..\..\Firmware\GD32F50x_Firmware_Library\Fir
mware\CMSIS\GD\GD32F50x\Source\ARM\startup_gd32f50x.s

DMA1_Channel3_IRQHandler 0000003E

Symbol: DMA1_Channel3_IRQHandler
   Definitions
      At line 384 in file ..\..\..\..\..\Firmware\GD32F50x_Firmware_Library\Fir
mware\CMSIS\GD\GD32F50x\Source\ARM\startup_gd32f50x.s
   Uses
      At line 143 in file ..\..\..\..\..\Firmware\GD32F50x_Firmware_Library\Fir
mware\CMSIS\GD\GD32F50x\Source\ARM\startup_gd32f50x.s
      At line 303 in file ..\..\..\..\..\Firmware\GD32F50x_Firmware_Library\Fir
mware\CMSIS\GD\GD32F50x\Source\ARM\startup_gd32f50x.s

DMA1_Channel4_IRQHandler 0000003E

Symbol: DMA1_Channel4_IRQHandler
   Definitions
      At line 385 in file ..\..\..\..\..\Firmware\GD32F50x_Firmware_Library\Fir
mware\CMSIS\GD\GD32F50x\Source\ARM\startup_gd32f50x.s
   Uses
      At line 144 in file ..\..\..\..\..\Firmware\GD32F50x_Firmware_Library\Fir
mware\CMSIS\GD\GD32F50x\Source\ARM\startup_gd32f50x.s
      At line 304 in file ..\..\..\..\..\Firmware\GD32F50x_Firmware_Library\Fir
mware\CMSIS\GD\GD32F50x\Source\ARM\startup_gd32f50x.s

DMAMUX_IRQHandler 0000003E

Symbol: DMAMUX_IRQHandler
   Definitions
      At line 395 in file ..\..\..\..\..\Firmware\GD32F50x_Firmware_Library\Fir
mware\CMSIS\GD\GD32F50x\Source\ARM\startup_gd32f50x.s
   Uses
      At line 154 in file ..\..\..\..\..\Firmware\GD32F50x_Firmware_Library\Fir
mware\CMSIS\GD\GD32F50x\Source\ARM\startup_gd32f50x.s
      At line 314 in file ..\..\..\..\..\Firmware\GD32F50x_Firmware_Library\Fir
mware\CMSIS\GD\GD32F50x\Source\ARM\startup_gd32f50x.s

DebugMon_Handler 00000038

Symbol: DebugMon_Handler
   Definitions
      At line 228 in file ..\..\..\..\..\Firmware\GD32F50x_Firmware_Library\Fir
mware\CMSIS\GD\GD32F50x\Source\ARM\startup_gd32f50x.s
   Uses
      At line 78 in file ..\..\..\..\..\Firmware\GD32F50x_Firmware_Library\Firm
ware\CMSIS\GD\GD32F50x\Source\ARM\startup_gd32f50x.s



ARM Macro Assembler    Page 7 Alphabetic symbol ordering
Relocatable symbols

      At line 229 in file ..\..\..\..\..\Firmware\GD32F50x_Firmware_Library\Fir
mware\CMSIS\GD\GD32F50x\Source\ARM\startup_gd32f50x.s

Default_Handler 0000003E

Symbol: Default_Handler
   Definitions
      At line 243 in file ..\..\..\..\..\Firmware\GD32F50x_Firmware_Library\Fir
mware\CMSIS\GD\GD32F50x\Source\ARM\startup_gd32f50x.s
   Uses
      None
Comment: Default_Handler unused
EXTI0_IRQHandler 0000003E

Symbol: EXTI0_IRQHandler
   Definitions
      At line 332 in file ..\..\..\..\..\Firmware\GD32F50x_Firmware_Library\Fir
mware\CMSIS\GD\GD32F50x\Source\ARM\startup_gd32f50x.s
   Uses
      At line 90 in file ..\..\..\..\..\Firmware\GD32F50x_Firmware_Library\Firm
ware\CMSIS\GD\GD32F50x\Source\ARM\startup_gd32f50x.s
      At line 251 in file ..\..\..\..\..\Firmware\GD32F50x_Firmware_Library\Fir
mware\CMSIS\GD\GD32F50x\Source\ARM\startup_gd32f50x.s

EXTI10_15_IRQHandler 0000003E

Symbol: EXTI10_15_IRQHandler
   Definitions
      At line 366 in file ..\..\..\..\..\Firmware\GD32F50x_Firmware_Library\Fir
mware\CMSIS\GD\GD32F50x\Source\ARM\startup_gd32f50x.s
   Uses
      At line 124 in file ..\..\..\..\..\Firmware\GD32F50x_Firmware_Library\Fir
mware\CMSIS\GD\GD32F50x\Source\ARM\startup_gd32f50x.s
      At line 285 in file ..\..\..\..\..\Firmware\GD32F50x_Firmware_Library\Fir
mware\CMSIS\GD\GD32F50x\Source\ARM\startup_gd32f50x.s

EXTI1_IRQHandler 0000003E

Symbol: EXTI1_IRQHandler
   Definitions
      At line 333 in file ..\..\..\..\..\Firmware\GD32F50x_Firmware_Library\Fir
mware\CMSIS\GD\GD32F50x\Source\ARM\startup_gd32f50x.s
   Uses
      At line 91 in file ..\..\..\..\..\Firmware\GD32F50x_Firmware_Library\Firm
ware\CMSIS\GD\GD32F50x\Source\ARM\startup_gd32f50x.s
      At line 252 in file ..\..\..\..\..\Firmware\GD32F50x_Firmware_Library\Fir
mware\CMSIS\GD\GD32F50x\Source\ARM\startup_gd32f50x.s

EXTI2_IRQHandler 0000003E

Symbol: EXTI2_IRQHandler
   Definitions
      At line 334 in file ..\..\..\..\..\Firmware\GD32F50x_Firmware_Library\Fir
mware\CMSIS\GD\GD32F50x\Source\ARM\startup_gd32f50x.s
   Uses
      At line 92 in file ..\..\..\..\..\Firmware\GD32F50x_Firmware_Library\Firm
ware\CMSIS\GD\GD32F50x\Source\ARM\startup_gd32f50x.s
      At line 253 in file ..\..\..\..\..\Firmware\GD32F50x_Firmware_Library\Fir
mware\CMSIS\GD\GD32F50x\Source\ARM\startup_gd32f50x.s



ARM Macro Assembler    Page 8 Alphabetic symbol ordering
Relocatable symbols


EXTI3_IRQHandler 0000003E

Symbol: EXTI3_IRQHandler
   Definitions
      At line 335 in file ..\..\..\..\..\Firmware\GD32F50x_Firmware_Library\Fir
mware\CMSIS\GD\GD32F50x\Source\ARM\startup_gd32f50x.s
   Uses
      At line 93 in file ..\..\..\..\..\Firmware\GD32F50x_Firmware_Library\Firm
ware\CMSIS\GD\GD32F50x\Source\ARM\startup_gd32f50x.s
      At line 254 in file ..\..\..\..\..\Firmware\GD32F50x_Firmware_Library\Fir
mware\CMSIS\GD\GD32F50x\Source\ARM\startup_gd32f50x.s

EXTI4_IRQHandler 0000003E

Symbol: EXTI4_IRQHandler
   Definitions
      At line 336 in file ..\..\..\..\..\Firmware\GD32F50x_Firmware_Library\Fir
mware\CMSIS\GD\GD32F50x\Source\ARM\startup_gd32f50x.s
   Uses
      At line 94 in file ..\..\..\..\..\Firmware\GD32F50x_Firmware_Library\Firm
ware\CMSIS\GD\GD32F50x\Source\ARM\startup_gd32f50x.s
      At line 255 in file ..\..\..\..\..\Firmware\GD32F50x_Firmware_Library\Fir
mware\CMSIS\GD\GD32F50x\Source\ARM\startup_gd32f50x.s

EXTI5_9_IRQHandler 0000003E

Symbol: EXTI5_9_IRQHandler
   Definitions
      At line 349 in file ..\..\..\..\..\Firmware\GD32F50x_Firmware_Library\Fir
mware\CMSIS\GD\GD32F50x\Source\ARM\startup_gd32f50x.s
   Uses
      At line 107 in file ..\..\..\..\..\Firmware\GD32F50x_Firmware_Library\Fir
mware\CMSIS\GD\GD32F50x\Source\ARM\startup_gd32f50x.s
      At line 268 in file ..\..\..\..\..\Firmware\GD32F50x_Firmware_Library\Fir
mware\CMSIS\GD\GD32F50x\Source\ARM\startup_gd32f50x.s

FMC_IRQHandler 0000003E

Symbol: FMC_IRQHandler
   Definitions
      At line 330 in file ..\..\..\..\..\Firmware\GD32F50x_Firmware_Library\Fir
mware\CMSIS\GD\GD32F50x\Source\ARM\startup_gd32f50x.s
   Uses
      At line 88 in file ..\..\..\..\..\Firmware\GD32F50x_Firmware_Library\Firm
ware\CMSIS\GD\GD32F50x\Source\ARM\startup_gd32f50x.s
      At line 249 in file ..\..\..\..\..\Firmware\GD32F50x_Firmware_Library\Fir
mware\CMSIS\GD\GD32F50x\Source\ARM\startup_gd32f50x.s

FPU_IRQHandler 0000003E

Symbol: FPU_IRQHandler
   Definitions
      At line 393 in file ..\..\..\..\..\Firmware\GD32F50x_Firmware_Library\Fir
mware\CMSIS\GD\GD32F50x\Source\ARM\startup_gd32f50x.s
   Uses
      At line 152 in file ..\..\..\..\..\Firmware\GD32F50x_Firmware_Library\Fir
mware\CMSIS\GD\GD32F50x\Source\ARM\startup_gd32f50x.s
      At line 312 in file ..\..\..\..\..\Firmware\GD32F50x_Firmware_Library\Fir



ARM Macro Assembler    Page 9 Alphabetic symbol ordering
Relocatable symbols

mware\CMSIS\GD\GD32F50x\Source\ARM\startup_gd32f50x.s

HAU_IRQHandler 0000003E

Symbol: HAU_IRQHandler
   Definitions
      At line 397 in file ..\..\..\..\..\Firmware\GD32F50x_Firmware_Library\Fir
mware\CMSIS\GD\GD32F50x\Source\ARM\startup_gd32f50x.s
   Uses
      At line 156 in file ..\..\..\..\..\Firmware\GD32F50x_Firmware_Library\Fir
mware\CMSIS\GD\GD32F50x\Source\ARM\startup_gd32f50x.s
      At line 316 in file ..\..\..\..\..\Firmware\GD32F50x_Firmware_Library\Fir
mware\CMSIS\GD\GD32F50x\Source\ARM\startup_gd32f50x.s

HardFault_Handler 0000002E

Symbol: HardFault_Handler
   Definitions
      At line 204 in file ..\..\..\..\..\Firmware\GD32F50x_Firmware_Library\Fir
mware\CMSIS\GD\GD32F50x\Source\ARM\startup_gd32f50x.s
   Uses
      At line 69 in file ..\..\..\..\..\Firmware\GD32F50x_Firmware_Library\Firm
ware\CMSIS\GD\GD32F50x\Source\ARM\startup_gd32f50x.s
      At line 205 in file ..\..\..\..\..\Firmware\GD32F50x_Firmware_Library\Fir
mware\CMSIS\GD\GD32F50x\Source\ARM\startup_gd32f50x.s

I2C0_ER_IRQHandler 0000003E

Symbol: I2C0_ER_IRQHandler
   Definitions
      At line 358 in file ..\..\..\..\..\Firmware\GD32F50x_Firmware_Library\Fir
mware\CMSIS\GD\GD32F50x\Source\ARM\startup_gd32f50x.s
   Uses
      At line 116 in file ..\..\..\..\..\Firmware\GD32F50x_Firmware_Library\Fir
mware\CMSIS\GD\GD32F50x\Source\ARM\startup_gd32f50x.s
      At line 277 in file ..\..\..\..\..\Firmware\GD32F50x_Firmware_Library\Fir
mware\CMSIS\GD\GD32F50x\Source\ARM\startup_gd32f50x.s

I2C0_EV_IRQHandler 0000003E

Symbol: I2C0_EV_IRQHandler
   Definitions
      At line 357 in file ..\..\..\..\..\Firmware\GD32F50x_Firmware_Library\Fir
mware\CMSIS\GD\GD32F50x\Source\ARM\startup_gd32f50x.s
   Uses
      At line 115 in file ..\..\..\..\..\Firmware\GD32F50x_Firmware_Library\Fir
mware\CMSIS\GD\GD32F50x\Source\ARM\startup_gd32f50x.s
      At line 276 in file ..\..\..\..\..\Firmware\GD32F50x_Firmware_Library\Fir
mware\CMSIS\GD\GD32F50x\Source\ARM\startup_gd32f50x.s

I2C1_ER_IRQHandler 0000003E

Symbol: I2C1_ER_IRQHandler
   Definitions
      At line 360 in file ..\..\..\..\..\Firmware\GD32F50x_Firmware_Library\Fir
mware\CMSIS\GD\GD32F50x\Source\ARM\startup_gd32f50x.s
   Uses
      At line 118 in file ..\..\..\..\..\Firmware\GD32F50x_Firmware_Library\Fir
mware\CMSIS\GD\GD32F50x\Source\ARM\startup_gd32f50x.s



ARM Macro Assembler    Page 10 Alphabetic symbol ordering
Relocatable symbols

      At line 279 in file ..\..\..\..\..\Firmware\GD32F50x_Firmware_Library\Fir
mware\CMSIS\GD\GD32F50x\Source\ARM\startup_gd32f50x.s

I2C1_EV_IRQHandler 0000003E

Symbol: I2C1_EV_IRQHandler
   Definitions
      At line 359 in file ..\..\..\..\..\Firmware\GD32F50x_Firmware_Library\Fir
mware\CMSIS\GD\GD32F50x\Source\ARM\startup_gd32f50x.s
   Uses
      At line 117 in file ..\..\..\..\..\Firmware\GD32F50x_Firmware_Library\Fir
mware\CMSIS\GD\GD32F50x\Source\ARM\startup_gd32f50x.s
      At line 278 in file ..\..\..\..\..\Firmware\GD32F50x_Firmware_Library\Fir
mware\CMSIS\GD\GD32F50x\Source\ARM\startup_gd32f50x.s

LVD_VAVD_IRQHandler 0000003E

Symbol: LVD_VAVD_IRQHandler
   Definitions
      At line 327 in file ..\..\..\..\..\Firmware\GD32F50x_Firmware_Library\Fir
mware\CMSIS\GD\GD32F50x\Source\ARM\startup_gd32f50x.s
   Uses
      At line 85 in file ..\..\..\..\..\Firmware\GD32F50x_Firmware_Library\Firm
ware\CMSIS\GD\GD32F50x\Source\ARM\startup_gd32f50x.s
      At line 246 in file ..\..\..\..\..\Firmware\GD32F50x_Firmware_Library\Fir
mware\CMSIS\GD\GD32F50x\Source\ARM\startup_gd32f50x.s

MEM_INIT 0000001C

Symbol: MEM_INIT
   Definitions
      At line 187 in file ..\..\..\..\..\Firmware\GD32F50x_Firmware_Library\Fir
mware\CMSIS\GD\GD32F50x\Source\ARM\startup_gd32f50x.s
   Uses
      At line 189 in file ..\..\..\..\..\Firmware\GD32F50x_Firmware_Library\Fir
mware\CMSIS\GD\GD32F50x\Source\ARM\startup_gd32f50x.s
Comment: MEM_INIT used once
MemManage_Handler 00000030

Symbol: MemManage_Handler
   Definitions
      At line 209 in file ..\..\..\..\..\Firmware\GD32F50x_Firmware_Library\Fir
mware\CMSIS\GD\GD32F50x\Source\ARM\startup_gd32f50x.s
   Uses
      At line 70 in file ..\..\..\..\..\Firmware\GD32F50x_Firmware_Library\Firm
ware\CMSIS\GD\GD32F50x\Source\ARM\startup_gd32f50x.s
      At line 210 in file ..\..\..\..\..\Firmware\GD32F50x_Firmware_Library\Fir
mware\CMSIS\GD\GD32F50x\Source\ARM\startup_gd32f50x.s

NMI_Handler 0000002C

Symbol: NMI_Handler
   Definitions
      At line 199 in file ..\..\..\..\..\Firmware\GD32F50x_Firmware_Library\Fir
mware\CMSIS\GD\GD32F50x\Source\ARM\startup_gd32f50x.s
   Uses
      At line 68 in file ..\..\..\..\..\Firmware\GD32F50x_Firmware_Library\Firm
ware\CMSIS\GD\GD32F50x\Source\ARM\startup_gd32f50x.s
      At line 200 in file ..\..\..\..\..\Firmware\GD32F50x_Firmware_Library\Fir



ARM Macro Assembler    Page 11 Alphabetic symbol ordering
Relocatable symbols

mware\CMSIS\GD\GD32F50x\Source\ARM\startup_gd32f50x.s

PendSV_Handler 0000003A

Symbol: PendSV_Handler
   Definitions
      At line 233 in file ..\..\..\..\..\Firmware\GD32F50x_Firmware_Library\Fir
mware\CMSIS\GD\GD32F50x\Source\ARM\startup_gd32f50x.s
   Uses
      At line 80 in file ..\..\..\..\..\Firmware\GD32F50x_Firmware_Library\Firm
ware\CMSIS\GD\GD32F50x\Source\ARM\startup_gd32f50x.s
      At line 234 in file ..\..\..\..\..\Firmware\GD32F50x_Firmware_Library\Fir
mware\CMSIS\GD\GD32F50x\Source\ARM\startup_gd32f50x.s

RCU_CKFM_IRQHandler 0000003E

Symbol: RCU_CKFM_IRQHandler
   Definitions
      At line 374 in file ..\..\..\..\..\Firmware\GD32F50x_Firmware_Library\Fir
mware\CMSIS\GD\GD32F50x\Source\ARM\startup_gd32f50x.s
   Uses
      At line 133 in file ..\..\..\..\..\Firmware\GD32F50x_Firmware_Library\Fir
mware\CMSIS\GD\GD32F50x\Source\ARM\startup_gd32f50x.s
      At line 293 in file ..\..\..\..\..\Firmware\GD32F50x_Firmware_Library\Fir
mware\CMSIS\GD\GD32F50x\Source\ARM\startup_gd32f50x.s

RCU_CTC_IRQHandler 0000003E

Symbol: RCU_CTC_IRQHandler
   Definitions
      At line 331 in file ..\..\..\..\..\Firmware\GD32F50x_Firmware_Library\Fir
mware\CMSIS\GD\GD32F50x\Source\ARM\startup_gd32f50x.s
   Uses
      At line 89 in file ..\..\..\..\..\Firmware\GD32F50x_Firmware_Library\Firm
ware\CMSIS\GD\GD32F50x\Source\ARM\startup_gd32f50x.s
      At line 250 in file ..\..\..\..\..\Firmware\GD32F50x_Firmware_Library\Fir
mware\CMSIS\GD\GD32F50x\Source\ARM\startup_gd32f50x.s

RTC_Alarm_IRQHandler 0000003E

Symbol: RTC_Alarm_IRQHandler
   Definitions
      At line 367 in file ..\..\..\..\..\Firmware\GD32F50x_Firmware_Library\Fir
mware\CMSIS\GD\GD32F50x\Source\ARM\startup_gd32f50x.s
   Uses
      At line 125 in file ..\..\..\..\..\Firmware\GD32F50x_Firmware_Library\Fir
mware\CMSIS\GD\GD32F50x\Source\ARM\startup_gd32f50x.s
      At line 286 in file ..\..\..\..\..\Firmware\GD32F50x_Firmware_Library\Fir
mware\CMSIS\GD\GD32F50x\Source\ARM\startup_gd32f50x.s

RTC_IRQHandler 0000003E

Symbol: RTC_IRQHandler
   Definitions
      At line 329 in file ..\..\..\..\..\Firmware\GD32F50x_Firmware_Library\Fir
mware\CMSIS\GD\GD32F50x\Source\ARM\startup_gd32f50x.s
   Uses
      At line 87 in file ..\..\..\..\..\Firmware\GD32F50x_Firmware_Library\Firm
ware\CMSIS\GD\GD32F50x\Source\ARM\startup_gd32f50x.s



ARM Macro Assembler    Page 12 Alphabetic symbol ordering
Relocatable symbols

      At line 248 in file ..\..\..\..\..\Firmware\GD32F50x_Firmware_Library\Fir
mware\CMSIS\GD\GD32F50x\Source\ARM\startup_gd32f50x.s

Reset_Handler 00000000

Symbol: Reset_Handler
   Definitions
      At line 172 in file ..\..\..\..\..\Firmware\GD32F50x_Firmware_Library\Fir
mware\CMSIS\GD\GD32F50x\Source\ARM\startup_gd32f50x.s
   Uses
      At line 67 in file ..\..\..\..\..\Firmware\GD32F50x_Firmware_Library\Firm
ware\CMSIS\GD\GD32F50x\Source\ARM\startup_gd32f50x.s
      At line 173 in file ..\..\..\..\..\Firmware\GD32F50x_Firmware_Library\Fir
mware\CMSIS\GD\GD32F50x\Source\ARM\startup_gd32f50x.s

SPI0_IRQHandler 0000003E

Symbol: SPI0_IRQHandler
   Definitions
      At line 361 in file ..\..\..\..\..\Firmware\GD32F50x_Firmware_Library\Fir
mware\CMSIS\GD\GD32F50x\Source\ARM\startup_gd32f50x.s
   Uses
      At line 119 in file ..\..\..\..\..\Firmware\GD32F50x_Firmware_Library\Fir
mware\CMSIS\GD\GD32F50x\Source\ARM\startup_gd32f50x.s
      At line 280 in file ..\..\..\..\..\Firmware\GD32F50x_Firmware_Library\Fir
mware\CMSIS\GD\GD32F50x\Source\ARM\startup_gd32f50x.s

SPI1_IRQHandler 0000003E

Symbol: SPI1_IRQHandler
   Definitions
      At line 362 in file ..\..\..\..\..\Firmware\GD32F50x_Firmware_Library\Fir
mware\CMSIS\GD\GD32F50x\Source\ARM\startup_gd32f50x.s
   Uses
      At line 120 in file ..\..\..\..\..\Firmware\GD32F50x_Firmware_Library\Fir
mware\CMSIS\GD\GD32F50x\Source\ARM\startup_gd32f50x.s
      At line 281 in file ..\..\..\..\..\Firmware\GD32F50x_Firmware_Library\Fir
mware\CMSIS\GD\GD32F50x\Source\ARM\startup_gd32f50x.s

SPI2_IRQHandler 0000003E

Symbol: SPI2_IRQHandler
   Definitions
      At line 376 in file ..\..\..\..\..\Firmware\GD32F50x_Firmware_Library\Fir
mware\CMSIS\GD\GD32F50x\Source\ARM\startup_gd32f50x.s
   Uses
      At line 135 in file ..\..\..\..\..\Firmware\GD32F50x_Firmware_Library\Fir
mware\CMSIS\GD\GD32F50x\Source\ARM\startup_gd32f50x.s
      At line 295 in file ..\..\..\..\..\Firmware\GD32F50x_Firmware_Library\Fir
mware\CMSIS\GD\GD32F50x\Source\ARM\startup_gd32f50x.s

SRAM_ECC_IRQHandler 0000003E

Symbol: SRAM_ECC_IRQHandler
   Definitions
      At line 392 in file ..\..\..\..\..\Firmware\GD32F50x_Firmware_Library\Fir
mware\CMSIS\GD\GD32F50x\Source\ARM\startup_gd32f50x.s
   Uses
      At line 151 in file ..\..\..\..\..\Firmware\GD32F50x_Firmware_Library\Fir



ARM Macro Assembler    Page 13 Alphabetic symbol ordering
Relocatable symbols

mware\CMSIS\GD\GD32F50x\Source\ARM\startup_gd32f50x.s
      At line 311 in file ..\..\..\..\..\Firmware\GD32F50x_Firmware_Library\Fir
mware\CMSIS\GD\GD32F50x\Source\ARM\startup_gd32f50x.s

SVC_Handler 00000036

Symbol: SVC_Handler
   Definitions
      At line 223 in file ..\..\..\..\..\Firmware\GD32F50x_Firmware_Library\Fir
mware\CMSIS\GD\GD32F50x\Source\ARM\startup_gd32f50x.s
   Uses
      At line 77 in file ..\..\..\..\..\Firmware\GD32F50x_Firmware_Library\Firm
ware\CMSIS\GD\GD32F50x\Source\ARM\startup_gd32f50x.s
      At line 224 in file ..\..\..\..\..\Firmware\GD32F50x_Firmware_Library\Fir
mware\CMSIS\GD\GD32F50x\Source\ARM\startup_gd32f50x.s

SYSTEM_INIT 00000024

Symbol: SYSTEM_INIT
   Definitions
      At line 191 in file ..\..\..\..\..\Firmware\GD32F50x_Firmware_Library\Fir
mware\CMSIS\GD\GD32F50x\Source\ARM\startup_gd32f50x.s
   Uses
      At line 182 in file ..\..\..\..\..\Firmware\GD32F50x_Firmware_Library\Fir
mware\CMSIS\GD\GD32F50x\Source\ARM\startup_gd32f50x.s
Comment: SYSTEM_INIT used once
SysTick_Handler 0000003C

Symbol: SysTick_Handler
   Definitions
      At line 238 in file ..\..\..\..\..\Firmware\GD32F50x_Firmware_Library\Fir
mware\CMSIS\GD\GD32F50x\Source\ARM\startup_gd32f50x.s
   Uses
      At line 81 in file ..\..\..\..\..\Firmware\GD32F50x_Firmware_Library\Firm
ware\CMSIS\GD\GD32F50x\Source\ARM\startup_gd32f50x.s
      At line 239 in file ..\..\..\..\..\Firmware\GD32F50x_Firmware_Library\Fir
mware\CMSIS\GD\GD32F50x\Source\ARM\startup_gd32f50x.s

TAMPER_IRQHandler 0000003E

Symbol: TAMPER_IRQHandler
   Definitions
      At line 328 in file ..\..\..\..\..\Firmware\GD32F50x_Firmware_Library\Fir
mware\CMSIS\GD\GD32F50x\Source\ARM\startup_gd32f50x.s
   Uses
      At line 86 in file ..\..\..\..\..\Firmware\GD32F50x_Firmware_Library\Firm
ware\CMSIS\GD\GD32F50x\Source\ARM\startup_gd32f50x.s
      At line 247 in file ..\..\..\..\..\Firmware\GD32F50x_Firmware_Library\Fir
mware\CMSIS\GD\GD32F50x\Source\ARM\startup_gd32f50x.s

TIMER0_BRK_Channel_IRQHandler 0000003E

Symbol: TIMER0_BRK_Channel_IRQHandler
   Definitions
      At line 403 in file ..\..\..\..\..\Firmware\GD32F50x_Firmware_Library\Fir
mware\CMSIS\GD\GD32F50x\Source\ARM\startup_gd32f50x.s
   Uses
      At line 162 in file ..\..\..\..\..\Firmware\GD32F50x_Firmware_Library\Fir
mware\CMSIS\GD\GD32F50x\Source\ARM\startup_gd32f50x.s



ARM Macro Assembler    Page 14 Alphabetic symbol ordering
Relocatable symbols

      At line 322 in file ..\..\..\..\..\Firmware\GD32F50x_Firmware_Library\Fir
mware\CMSIS\GD\GD32F50x\Source\ARM\startup_gd32f50x.s

TIMER0_BRK_IRQHandler 0000003E

Symbol: TIMER0_BRK_IRQHandler
   Definitions
      At line 350 in file ..\..\..\..\..\Firmware\GD32F50x_Firmware_Library\Fir
mware\CMSIS\GD\GD32F50x\Source\ARM\startup_gd32f50x.s
   Uses
      At line 108 in file ..\..\..\..\..\Firmware\GD32F50x_Firmware_Library\Fir
mware\CMSIS\GD\GD32F50x\Source\ARM\startup_gd32f50x.s
      At line 269 in file ..\..\..\..\..\Firmware\GD32F50x_Firmware_Library\Fir
mware\CMSIS\GD\GD32F50x\Source\ARM\startup_gd32f50x.s

TIMER0_Channel_IRQHandler 0000003E

Symbol: TIMER0_Channel_IRQHandler
   Definitions
      At line 353 in file ..\..\..\..\..\Firmware\GD32F50x_Firmware_Library\Fir
mware\CMSIS\GD\GD32F50x\Source\ARM\startup_gd32f50x.s
   Uses
      At line 111 in file ..\..\..\..\..\Firmware\GD32F50x_Firmware_Library\Fir
mware\CMSIS\GD\GD32F50x\Source\ARM\startup_gd32f50x.s
      At line 272 in file ..\..\..\..\..\Firmware\GD32F50x_Firmware_Library\Fir
mware\CMSIS\GD\GD32F50x\Source\ARM\startup_gd32f50x.s

TIMER0_TRG_CMT_IRQHandler 0000003E

Symbol: TIMER0_TRG_CMT_IRQHandler
   Definitions
      At line 352 in file ..\..\..\..\..\Firmware\GD32F50x_Firmware_Library\Fir
mware\CMSIS\GD\GD32F50x\Source\ARM\startup_gd32f50x.s
   Uses
      At line 110 in file ..\..\..\..\..\Firmware\GD32F50x_Firmware_Library\Fir
mware\CMSIS\GD\GD32F50x\Source\ARM\startup_gd32f50x.s
      At line 271 in file ..\..\..\..\..\Firmware\GD32F50x_Firmware_Library\Fir
mware\CMSIS\GD\GD32F50x\Source\ARM\startup_gd32f50x.s

TIMER0_UP_IRQHandler 0000003E

Symbol: TIMER0_UP_IRQHandler
   Definitions
      At line 351 in file ..\..\..\..\..\Firmware\GD32F50x_Firmware_Library\Fir
mware\CMSIS\GD\GD32F50x\Source\ARM\startup_gd32f50x.s
   Uses
      At line 109 in file ..\..\..\..\..\Firmware\GD32F50x_Firmware_Library\Fir
mware\CMSIS\GD\GD32F50x\Source\ARM\startup_gd32f50x.s
      At line 270 in file ..\..\..\..\..\Firmware\GD32F50x_Firmware_Library\Fir
mware\CMSIS\GD\GD32F50x\Source\ARM\startup_gd32f50x.s

TIMER15_IRQHandler 0000003E

Symbol: TIMER15_IRQHandler
   Definitions
      At line 401 in file ..\..\..\..\..\Firmware\GD32F50x_Firmware_Library\Fir
mware\CMSIS\GD\GD32F50x\Source\ARM\startup_gd32f50x.s
   Uses
      At line 160 in file ..\..\..\..\..\Firmware\GD32F50x_Firmware_Library\Fir



ARM Macro Assembler    Page 15 Alphabetic symbol ordering
Relocatable symbols

mware\CMSIS\GD\GD32F50x\Source\ARM\startup_gd32f50x.s
      At line 320 in file ..\..\..\..\..\Firmware\GD32F50x_Firmware_Library\Fir
mware\CMSIS\GD\GD32F50x\Source\ARM\startup_gd32f50x.s

TIMER16_IRQHandler 0000003E

Symbol: TIMER16_IRQHandler
   Definitions
      At line 402 in file ..\..\..\..\..\Firmware\GD32F50x_Firmware_Library\Fir
mware\CMSIS\GD\GD32F50x\Source\ARM\startup_gd32f50x.s
   Uses
      At line 161 in file ..\..\..\..\..\Firmware\GD32F50x_Firmware_Library\Fir
mware\CMSIS\GD\GD32F50x\Source\ARM\startup_gd32f50x.s
      At line 321 in file ..\..\..\..\..\Firmware\GD32F50x_Firmware_Library\Fir
mware\CMSIS\GD\GD32F50x\Source\ARM\startup_gd32f50x.s

TIMER1_IRQHandler 0000003E

Symbol: TIMER1_IRQHandler
   Definitions
      At line 354 in file ..\..\..\..\..\Firmware\GD32F50x_Firmware_Library\Fir
mware\CMSIS\GD\GD32F50x\Source\ARM\startup_gd32f50x.s
   Uses
      At line 112 in file ..\..\..\..\..\Firmware\GD32F50x_Firmware_Library\Fir
mware\CMSIS\GD\GD32F50x\Source\ARM\startup_gd32f50x.s
      At line 273 in file ..\..\..\..\..\Firmware\GD32F50x_Firmware_Library\Fir
mware\CMSIS\GD\GD32F50x\Source\ARM\startup_gd32f50x.s

TIMER2_IRQHandler 0000003E

Symbol: TIMER2_IRQHandler
   Definitions
      At line 355 in file ..\..\..\..\..\Firmware\GD32F50x_Firmware_Library\Fir
mware\CMSIS\GD\GD32F50x\Source\ARM\startup_gd32f50x.s
   Uses
      At line 113 in file ..\..\..\..\..\Firmware\GD32F50x_Firmware_Library\Fir
mware\CMSIS\GD\GD32F50x\Source\ARM\startup_gd32f50x.s
      At line 274 in file ..\..\..\..\..\Firmware\GD32F50x_Firmware_Library\Fir
mware\CMSIS\GD\GD32F50x\Source\ARM\startup_gd32f50x.s

TIMER3_IRQHandler 0000003E

Symbol: TIMER3_IRQHandler
   Definitions
      At line 356 in file ..\..\..\..\..\Firmware\GD32F50x_Firmware_Library\Fir
mware\CMSIS\GD\GD32F50x\Source\ARM\startup_gd32f50x.s
   Uses
      At line 114 in file ..\..\..\..\..\Firmware\GD32F50x_Firmware_Library\Fir
mware\CMSIS\GD\GD32F50x\Source\ARM\startup_gd32f50x.s
      At line 275 in file ..\..\..\..\..\Firmware\GD32F50x_Firmware_Library\Fir
mware\CMSIS\GD\GD32F50x\Source\ARM\startup_gd32f50x.s

TIMER4_IRQHandler 0000003E

Symbol: TIMER4_IRQHandler
   Definitions
      At line 400 in file ..\..\..\..\..\Firmware\GD32F50x_Firmware_Library\Fir
mware\CMSIS\GD\GD32F50x\Source\ARM\startup_gd32f50x.s
   Uses



ARM Macro Assembler    Page 16 Alphabetic symbol ordering
Relocatable symbols

      At line 159 in file ..\..\..\..\..\Firmware\GD32F50x_Firmware_Library\Fir
mware\CMSIS\GD\GD32F50x\Source\ARM\startup_gd32f50x.s
      At line 319 in file ..\..\..\..\..\Firmware\GD32F50x_Firmware_Library\Fir
mware\CMSIS\GD\GD32F50x\Source\ARM\startup_gd32f50x.s

TIMER5_IRQHandler 0000003E

Symbol: TIMER5_IRQHandler
   Definitions
      At line 379 in file ..\..\..\..\..\Firmware\GD32F50x_Firmware_Library\Fir
mware\CMSIS\GD\GD32F50x\Source\ARM\startup_gd32f50x.s
   Uses
      At line 138 in file ..\..\..\..\..\Firmware\GD32F50x_Firmware_Library\Fir
mware\CMSIS\GD\GD32F50x\Source\ARM\startup_gd32f50x.s
      At line 298 in file ..\..\..\..\..\Firmware\GD32F50x_Firmware_Library\Fir
mware\CMSIS\GD\GD32F50x\Source\ARM\startup_gd32f50x.s

TIMER6_IRQHandler 0000003E

Symbol: TIMER6_IRQHandler
   Definitions
      At line 380 in file ..\..\..\..\..\Firmware\GD32F50x_Firmware_Library\Fir
mware\CMSIS\GD\GD32F50x\Source\ARM\startup_gd32f50x.s
   Uses
      At line 139 in file ..\..\..\..\..\Firmware\GD32F50x_Firmware_Library\Fir
mware\CMSIS\GD\GD32F50x\Source\ARM\startup_gd32f50x.s
      At line 299 in file ..\..\..\..\..\Firmware\GD32F50x_Firmware_Library\Fir
mware\CMSIS\GD\GD32F50x\Source\ARM\startup_gd32f50x.s

TIMER7_BRK_Channel_IRQHandler 0000003E

Symbol: TIMER7_BRK_Channel_IRQHandler
   Definitions
      At line 404 in file ..\..\..\..\..\Firmware\GD32F50x_Firmware_Library\Fir
mware\CMSIS\GD\GD32F50x\Source\ARM\startup_gd32f50x.s
   Uses
      At line 163 in file ..\..\..\..\..\Firmware\GD32F50x_Firmware_Library\Fir
mware\CMSIS\GD\GD32F50x\Source\ARM\startup_gd32f50x.s
      At line 323 in file ..\..\..\..\..\Firmware\GD32F50x_Firmware_Library\Fir
mware\CMSIS\GD\GD32F50x\Source\ARM\startup_gd32f50x.s

TIMER7_BRK_IRQHandler 0000003E

Symbol: TIMER7_BRK_IRQHandler
   Definitions
      At line 369 in file ..\..\..\..\..\Firmware\GD32F50x_Firmware_Library\Fir
mware\CMSIS\GD\GD32F50x\Source\ARM\startup_gd32f50x.s
   Uses
      At line 127 in file ..\..\..\..\..\Firmware\GD32F50x_Firmware_Library\Fir
mware\CMSIS\GD\GD32F50x\Source\ARM\startup_gd32f50x.s
      At line 288 in file ..\..\..\..\..\Firmware\GD32F50x_Firmware_Library\Fir
mware\CMSIS\GD\GD32F50x\Source\ARM\startup_gd32f50x.s

TIMER7_Channel_IRQHandler 0000003E

Symbol: TIMER7_Channel_IRQHandler
   Definitions
      At line 372 in file ..\..\..\..\..\Firmware\GD32F50x_Firmware_Library\Fir
mware\CMSIS\GD\GD32F50x\Source\ARM\startup_gd32f50x.s



ARM Macro Assembler    Page 17 Alphabetic symbol ordering
Relocatable symbols

   Uses
      At line 130 in file ..\..\..\..\..\Firmware\GD32F50x_Firmware_Library\Fir
mware\CMSIS\GD\GD32F50x\Source\ARM\startup_gd32f50x.s
      At line 291 in file ..\..\..\..\..\Firmware\GD32F50x_Firmware_Library\Fir
mware\CMSIS\GD\GD32F50x\Source\ARM\startup_gd32f50x.s

TIMER7_TRG_CMT_IRQHandler 0000003E

Symbol: TIMER7_TRG_CMT_IRQHandler
   Definitions
      At line 371 in file ..\..\..\..\..\Firmware\GD32F50x_Firmware_Library\Fir
mware\CMSIS\GD\GD32F50x\Source\ARM\startup_gd32f50x.s
   Uses
      At line 129 in file ..\..\..\..\..\Firmware\GD32F50x_Firmware_Library\Fir
mware\CMSIS\GD\GD32F50x\Source\ARM\startup_gd32f50x.s
      At line 290 in file ..\..\..\..\..\Firmware\GD32F50x_Firmware_Library\Fir
mware\CMSIS\GD\GD32F50x\Source\ARM\startup_gd32f50x.s

TIMER7_UP_IRQHandler 0000003E

Symbol: TIMER7_UP_IRQHandler
   Definitions
      At line 370 in file ..\..\..\..\..\Firmware\GD32F50x_Firmware_Library\Fir
mware\CMSIS\GD\GD32F50x\Source\ARM\startup_gd32f50x.s
   Uses
      At line 128 in file ..\..\..\..\..\Firmware\GD32F50x_Firmware_Library\Fir
mware\CMSIS\GD\GD32F50x\Source\ARM\startup_gd32f50x.s
      At line 289 in file ..\..\..\..\..\Firmware\GD32F50x_Firmware_Library\Fir
mware\CMSIS\GD\GD32F50x\Source\ARM\startup_gd32f50x.s

TRNG_IRQHandler 0000003E

Symbol: TRNG_IRQHandler
   Definitions
      At line 398 in file ..\..\..\..\..\Firmware\GD32F50x_Firmware_Library\Fir
mware\CMSIS\GD\GD32F50x\Source\ARM\startup_gd32f50x.s
   Uses
      At line 157 in file ..\..\..\..\..\Firmware\GD32F50x_Firmware_Library\Fir
mware\CMSIS\GD\GD32F50x\Source\ARM\startup_gd32f50x.s
      At line 317 in file ..\..\..\..\..\Firmware\GD32F50x_Firmware_Library\Fir
mware\CMSIS\GD\GD32F50x\Source\ARM\startup_gd32f50x.s

UART3_IRQHandler 0000003E

Symbol: UART3_IRQHandler
   Definitions
      At line 377 in file ..\..\..\..\..\Firmware\GD32F50x_Firmware_Library\Fir
mware\CMSIS\GD\GD32F50x\Source\ARM\startup_gd32f50x.s
   Uses
      At line 136 in file ..\..\..\..\..\Firmware\GD32F50x_Firmware_Library\Fir
mware\CMSIS\GD\GD32F50x\Source\ARM\startup_gd32f50x.s
      At line 296 in file ..\..\..\..\..\Firmware\GD32F50x_Firmware_Library\Fir
mware\CMSIS\GD\GD32F50x\Source\ARM\startup_gd32f50x.s

UART4_IRQHandler 0000003E

Symbol: UART4_IRQHandler
   Definitions
      At line 378 in file ..\..\..\..\..\Firmware\GD32F50x_Firmware_Library\Fir



ARM Macro Assembler    Page 18 Alphabetic symbol ordering
Relocatable symbols

mware\CMSIS\GD\GD32F50x\Source\ARM\startup_gd32f50x.s
   Uses
      At line 137 in file ..\..\..\..\..\Firmware\GD32F50x_Firmware_Library\Fir
mware\CMSIS\GD\GD32F50x\Source\ARM\startup_gd32f50x.s
      At line 297 in file ..\..\..\..\..\Firmware\GD32F50x_Firmware_Library\Fir
mware\CMSIS\GD\GD32F50x\Source\ARM\startup_gd32f50x.s

USART0_IRQHandler 0000003E

Symbol: USART0_IRQHandler
   Definitions
      At line 363 in file ..\..\..\..\..\Firmware\GD32F50x_Firmware_Library\Fir
mware\CMSIS\GD\GD32F50x\Source\ARM\startup_gd32f50x.s
   Uses
      At line 121 in file ..\..\..\..\..\Firmware\GD32F50x_Firmware_Library\Fir
mware\CMSIS\GD\GD32F50x\Source\ARM\startup_gd32f50x.s
      At line 282 in file ..\..\..\..\..\Firmware\GD32F50x_Firmware_Library\Fir
mware\CMSIS\GD\GD32F50x\Source\ARM\startup_gd32f50x.s

USART1_IRQHandler 0000003E

Symbol: USART1_IRQHandler
   Definitions
      At line 364 in file ..\..\..\..\..\Firmware\GD32F50x_Firmware_Library\Fir
mware\CMSIS\GD\GD32F50x\Source\ARM\startup_gd32f50x.s
   Uses
      At line 122 in file ..\..\..\..\..\Firmware\GD32F50x_Firmware_Library\Fir
mware\CMSIS\GD\GD32F50x\Source\ARM\startup_gd32f50x.s
      At line 283 in file ..\..\..\..\..\Firmware\GD32F50x_Firmware_Library\Fir
mware\CMSIS\GD\GD32F50x\Source\ARM\startup_gd32f50x.s

USART2_IRQHandler 0000003E

Symbol: USART2_IRQHandler
   Definitions
      At line 365 in file ..\..\..\..\..\Firmware\GD32F50x_Firmware_Library\Fir
mware\CMSIS\GD\GD32F50x\Source\ARM\startup_gd32f50x.s
   Uses
      At line 123 in file ..\..\..\..\..\Firmware\GD32F50x_Firmware_Library\Fir
mware\CMSIS\GD\GD32F50x\Source\ARM\startup_gd32f50x.s
      At line 284 in file ..\..\..\..\..\Firmware\GD32F50x_Firmware_Library\Fir
mware\CMSIS\GD\GD32F50x\Source\ARM\startup_gd32f50x.s

USBFS_IRQHandler 0000003E

Symbol: USBFS_IRQHandler
   Definitions
      At line 399 in file ..\..\..\..\..\Firmware\GD32F50x_Firmware_Library\Fir
mware\CMSIS\GD\GD32F50x\Source\ARM\startup_gd32f50x.s
   Uses
      At line 158 in file ..\..\..\..\..\Firmware\GD32F50x_Firmware_Library\Fir
mware\CMSIS\GD\GD32F50x\Source\ARM\startup_gd32f50x.s
      At line 318 in file ..\..\..\..\..\Firmware\GD32F50x_Firmware_Library\Fir
mware\CMSIS\GD\GD32F50x\Source\ARM\startup_gd32f50x.s

USBFS_WKUP_IRQHandler 0000003E

Symbol: USBFS_WKUP_IRQHandler
   Definitions



ARM Macro Assembler    Page 19 Alphabetic symbol ordering
Relocatable symbols

      At line 368 in file ..\..\..\..\..\Firmware\GD32F50x_Firmware_Library\Fir
mware\CMSIS\GD\GD32F50x\Source\ARM\startup_gd32f50x.s
   Uses
      At line 126 in file ..\..\..\..\..\Firmware\GD32F50x_Firmware_Library\Fir
mware\CMSIS\GD\GD32F50x\Source\ARM\startup_gd32f50x.s
      At line 287 in file ..\..\..\..\..\Firmware\GD32F50x_Firmware_Library\Fir
mware\CMSIS\GD\GD32F50x\Source\ARM\startup_gd32f50x.s

UsageFault_Handler 00000034

Symbol: UsageFault_Handler
   Definitions
      At line 219 in file ..\..\..\..\..\Firmware\GD32F50x_Firmware_Library\Fir
mware\CMSIS\GD\GD32F50x\Source\ARM\startup_gd32f50x.s
   Uses
      At line 72 in file ..\..\..\..\..\Firmware\GD32F50x_Firmware_Library\Firm
ware\CMSIS\GD\GD32F50x\Source\ARM\startup_gd32f50x.s
      At line 220 in file ..\..\..\..\..\Firmware\GD32F50x_Firmware_Library\Fir
mware\CMSIS\GD\GD32F50x\Source\ARM\startup_gd32f50x.s

VUVD_VOVD_IRQHandler 0000003E

Symbol: VUVD_VOVD_IRQHandler
   Definitions
      At line 387 in file ..\..\..\..\..\Firmware\GD32F50x_Firmware_Library\Fir
mware\CMSIS\GD\GD32F50x\Source\ARM\startup_gd32f50x.s
   Uses
      At line 146 in file ..\..\..\..\..\Firmware\GD32F50x_Firmware_Library\Fir
mware\CMSIS\GD\GD32F50x\Source\ARM\startup_gd32f50x.s
      At line 306 in file ..\..\..\..\..\Firmware\GD32F50x_Firmware_Library\Fir
mware\CMSIS\GD\GD32F50x\Source\ARM\startup_gd32f50x.s

WWDGT_IRQHandler 0000003E

Symbol: WWDGT_IRQHandler
   Definitions
      At line 326 in file ..\..\..\..\..\Firmware\GD32F50x_Firmware_Library\Fir
mware\CMSIS\GD\GD32F50x\Source\ARM\startup_gd32f50x.s
   Uses
      At line 84 in file ..\..\..\..\..\Firmware\GD32F50x_Firmware_Library\Firm
ware\CMSIS\GD\GD32F50x\Source\ARM\startup_gd32f50x.s
      At line 245 in file ..\..\..\..\..\Firmware\GD32F50x_Firmware_Library\Fir
mware\CMSIS\GD\GD32F50x\Source\ARM\startup_gd32f50x.s

93 symbols



ARM Macro Assembler    Page 1 Alphabetic symbol ordering
Absolute symbols

Heap_Size 00000400

Symbol: Heap_Size
   Definitions
      At line 50 in file ..\..\..\..\..\Firmware\GD32F50x_Firmware_Library\Firm
ware\CMSIS\GD\GD32F50x\Source\ARM\startup_gd32f50x.s
   Uses
      At line 54 in file ..\..\..\..\..\Firmware\GD32F50x_Firmware_Library\Firm
ware\CMSIS\GD\GD32F50x\Source\ARM\startup_gd32f50x.s
Comment: Heap_Size used once
Stack_Size 00000400

Symbol: Stack_Size
   Definitions
      At line 39 in file ..\..\..\..\..\Firmware\GD32F50x_Firmware_Library\Firm
ware\CMSIS\GD\GD32F50x\Source\ARM\startup_gd32f50x.s
   Uses
      At line 42 in file ..\..\..\..\..\Firmware\GD32F50x_Firmware_Library\Firm
ware\CMSIS\GD\GD32F50x\Source\ARM\startup_gd32f50x.s
Comment: Stack_Size used once
__Vectors_Size 00000180

Symbol: __Vectors_Size
   Definitions
      At line 167 in file ..\..\..\..\..\Firmware\GD32F50x_Firmware_Library\Fir
mware\CMSIS\GD\GD32F50x\Source\ARM\startup_gd32f50x.s
   Uses
      At line 64 in file ..\..\..\..\..\Firmware\GD32F50x_Firmware_Library\Firm
ware\CMSIS\GD\GD32F50x\Source\ARM\startup_gd32f50x.s
Comment: __Vectors_Size used once
3 symbols



ARM Macro Assembler    Page 1 Alphabetic symbol ordering
External symbols

SystemInit 00000000

Symbol: SystemInit
   Definitions
      At line 174 in file ..\..\..\..\..\Firmware\GD32F50x_Firmware_Library\Fir
mware\CMSIS\GD\GD32F50x\Source\ARM\startup_gd32f50x.s
   Uses
      At line 192 in file ..\..\..\..\..\Firmware\GD32F50x_Firmware_Library\Fir
mware\CMSIS\GD\GD32F50x\Source\ARM\startup_gd32f50x.s
Comment: SystemInit used once
__main 00000000

Symbol: __main
   Definitions
      At line 175 in file ..\..\..\..\..\Firmware\GD32F50x_Firmware_Library\Fir
mware\CMSIS\GD\GD32F50x\Source\ARM\startup_gd32f50x.s
   Uses
      At line 194 in file ..\..\..\..\..\Firmware\GD32F50x_Firmware_Library\Fir
mware\CMSIS\GD\GD32F50x\Source\ARM\startup_gd32f50x.s
Comment: __main used once
2 symbols
444 symbols in table
